\BOOKMARK [0][-]{chapter*.1}{Preface}{}% 1
\BOOKMARK [0][-]{chapter*.3}{Abstract}{}% 2
\BOOKMARK [0][-]{chapter*.4}{Samenvatting}{}% 3
\BOOKMARK [0][-]{chapter*.5}{List of Figures and Tables}{}% 4
\BOOKMARK [0][-]{chapter*.10}{List of Abbreviations and Symbols}{}% 5
\BOOKMARK [0][-]{chapter.1}{Introduction}{}% 6
\BOOKMARK [1][-]{section.1.1}{Wat moet er vermeld worden}{chapter.1}% 7
\BOOKMARK [0][-]{chapter.2}{Comfort definition and modelling}{}% 8
\BOOKMARK [0][-]{chapter.3}{The Learning Algorithm}{}% 9
\BOOKMARK [1][-]{section.3.1}{The First Topic of this Chapter}{chapter.3}% 10
\BOOKMARK [0][-]{chapter.4}{Path Planning MPC}{}% 11
\BOOKMARK [1][-]{section.4.1}{The First Topic of the Chapter}{chapter.4}% 12
\BOOKMARK [1][-]{section.4.2}{A Second Topic}{chapter.4}% 13
\BOOKMARK [1][-]{section.4.3}{Conclusion}{chapter.4}% 14
\BOOKMARK [0][-]{chapter.5}{Path tracking MPC}{}% 15
\BOOKMARK [1][-]{section.5.1}{The First Topic of this Chapter}{chapter.5}% 16
\BOOKMARK [1][-]{section.5.2}{The Second Topic}{chapter.5}% 17
\BOOKMARK [1][-]{section.5.3}{Conclusion}{chapter.5}% 18
\BOOKMARK [0][-]{chapter.6}{Validatie}{}% 19
\BOOKMARK [1][-]{section.6.1}{The First Topic of this Chapter}{chapter.6}% 20
\BOOKMARK [1][-]{section.6.2}{The Second Topic}{chapter.6}% 21
\BOOKMARK [1][-]{section.6.3}{Conclusion}{chapter.6}% 22
\BOOKMARK [0][-]{chapter.7}{Conclusion}{}% 23
\BOOKMARK [0][-]{appendix.A}{The First Appendix}{}% 24
\BOOKMARK [0][-]{appendix.B}{The Last Appendix}{}% 25
\BOOKMARK [0][-]{appendix*.17}{Bibliography}{}% 26
