This is pdfTeX, Version 3.14159265-2.6-1.40.21 (MiKTeX 2.9.7300 64-bit) (preloaded format=pdflatex 2020.2.19)  24 MAY 2020 19:44
entering extended mode
**./masterproef.tex
(masterproef.tex
LaTeX2e <2020-02-02> patch level 2
L3 programming layer <2020-02-14>
(C:\Users\t2vosx\AppData\Local\MiKTeX\2.9\tex/latex/kulemt\kulemt.cls
Document Class: kulemt 2020/01/10 v1.10 KU Leuven engineering master's thesis d
ocument class

("C:\Users\t2vosx\AppData\Local\Programs\MiKTeX 2.9\tex/latex/graphics\keyval.s
ty"
Package: keyval 2014/10/28 v1.15 key=value parser (DPC)
\KV@toks@=\toks14
)
\kulemt@bind=\dimen134

("C:\Users\t2vosx\AppData\Local\Programs\MiKTeX 2.9\tex/latex/base\inputenc.sty
"
Package: inputenc 2018/08/11 v1.3c Input encoding file
\inpenc@prehook=\toks15
\inpenc@posthook=\toks16
 ("C:\Users\t2vosx\AppData\Local\Programs\MiKTeX 2.9\tex/latex/base\ascii.def"
File: ascii.def 2018/08/11 v1.3c Input encoding file
))
\kulemt@facnum=\count167
 (C:\Users\t2vosx\AppData\Local\MiKTeX\2.9\tex/latex/kulemt\kulemt.cfg
File: kulemt.cfg 2020/01/10
)
("C:\Users\t2vosx\AppData\Local\Programs\MiKTeX 2.9\tex/latex/memoir\memoir.cls
"
Document Class: memoir 2019/11/21 v3.7j configurable book, report, article docu
ment class
\onelineskip=\skip47
\lxvchars=\skip48
\xlvchars=\skip49
\@memcnta=\count168
\c@@memmarkcntra=\count169
LaTeX Info: Redefining \InputIfFileExists on input line 140.
("C:\Users\t2vosx\AppData\Local\Programs\MiKTeX 2.9\tex/generic/iftex\iftex.sty
"
Package: iftex 2019/11/07 v1.0c TeX engine tests
)
\stockheight=\skip50
\stockwidth=\skip51
\trimtop=\skip52
\trimedge=\skip53

("C:\Users\t2vosx\AppData\Local\Programs\MiKTeX 2.9\tex/latex/memoir\mem11.clo"
File: mem11.clo 2008/01/30 v0.3 memoir class 11pt size option
)
\binding=\skip54
\spinemargin=\skip55
\foremargin=\skip56
\uppermargin=\skip57
\lowermargin=\skip58
\headdrop=\skip59
\normalrulethickness=\skip60
\mem@maxheadheight=\skip61
\mem@maxfootheight=\skip62
\headwidth=\skip63
\c@storedpagenumber=\count170
\memPD=\dimen135
\m@mabparskip=\skip64
\thanksmarkwidth=\skip65
\thanksmarksep=\skip66
\droptitle=\skip67
\c@book=\count171
\c@part=\count172
\c@chapter=\count173
\c@section=\count174
\c@subsection=\count175
\c@subsubsection=\count176
\c@paragraph=\count177
\c@subparagraph=\count178
\beforechapskip=\skip68
\midchapskip=\skip69
\afterchapskip=\skip70
\chapindent=\skip71
\bottomsectionskip=\skip72
\secindent=\skip73
\beforesecskip=\skip74
\aftersecskip=\skip75
\subsecindent=\skip76
\beforesubsecskip=\skip77
\aftersubsecskip=\skip78
\subsubsecindent=\skip79
\beforesubsubsecskip=\skip80
\aftersubsubsecskip=\skip81
\paraindent=\skip82
\beforeparaskip=\skip83
\afterparaskip=\skip84
\subparaindent=\skip85
\beforesubparaskip=\skip86
\aftersubparaskip=\skip87
\pfbreakskip=\skip88
\c@@ppsavesec=\count179
\c@@ppsaveapp=\count180
\ragrparindent=\dimen136
\everylistparindent=\dimen137
\parsepi=\skip89
\topsepi=\skip90
\itemsepi=\skip91
\parsepii=\skip92
\topsepii=\skip93
\topsepiii=\skip94
\itemsepii=\skip95
\itemsepiii=\skip96
\partopsepii=\skip97
\partopsepiii=\skip98
\m@msavetopsep=\skip99
\m@msavepartopsep=\skip100
\@enLab=\toks17
\abstitleskip=\skip101
\absleftindent=\skip102
\abs@leftindent=\dimen138
\absrightindent=\skip103
\absparindent=\skip104
\absparsep=\skip105
\c@vslineno=\count181
\c@poemline=\count182
\c@modulo@vs=\count183
\c@memfvsline=\count184
\vleftskip=\skip106
\vrightskip=\skip107
\stanzaskip=\skip108
\versewidth=\skip109
\vgap=\skip110
\vindent=\skip111
\vleftmargin=\dimen139
\c@verse=\count185
\c@chrsinstr=\count186
\beforepoemtitleskip=\skip112
\afterpoemtitleskip=\skip113
\c@poem=\count187
\beforePoemTitleskip=\skip114
\midPoemTitleskip=\skip115
\afterPoemTitleskip=\skip116
 ("C:\Users\t2vosx\AppData\Local\Programs\MiKTeX 2.9\tex/latex/tools\array.sty"
Package: array 2019/08/31 v2.4l Tabular extension package (FMi)
\col@sep=\dimen140
\ar@mcellbox=\box45
\extrarowheight=\dimen141
\NC@list=\toks18
\extratabsurround=\skip117
\backup@length=\skip118
\ar@cellbox=\box46
)
("C:\Users\t2vosx\AppData\Local\Programs\MiKTeX 2.9\tex/latex/tools\dcolumn.sty
"
Package: dcolumn 2014/10/28 v1.06 decimal alignment package (DPC)
)
("C:\Users\t2vosx\AppData\Local\Programs\MiKTeX 2.9\tex/latex/tools\delarray.st
y"
Package: delarray 2014/10/28 v1.01 array delimiter package (DPC)
)
("C:\Users\t2vosx\AppData\Local\Programs\MiKTeX 2.9\tex/latex/tools\tabularx.st
y"
Package: tabularx 2020/01/15 v2.11c `tabularx' package (DPC)
\TX@col@width=\dimen142
\TX@old@table=\dimen143
\TX@old@col=\dimen144
\TX@target=\dimen145
\TX@delta=\dimen146
\TX@cols=\count188
\TX@ftn=\toks19
)
\heavyrulewidth=\dimen147
\lightrulewidth=\dimen148
\cmidrulewidth=\dimen149
\belowrulesep=\dimen150
\belowbottomsep=\dimen151
\aboverulesep=\dimen152
\abovetopsep=\dimen153
\cmidrulesep=\dimen154
\cmidrulekern=\dimen155
\defaultaddspace=\dimen156
\@cmidla=\count189
\@cmidlb=\count190
\@aboverulesep=\dimen157
\@belowrulesep=\dimen158
\@thisruleclass=\count191
\@lastruleclass=\count192
\@thisrulewidth=\dimen159
\ctableftskip=\skip119
\ctabrightskip=\skip120
\abovecolumnspenalty=\count193
\@linestogo=\count194
\@cellstogo=\count195
\@cellsincolumn=\count196
\crtok=\toks20
\@mincolumnwidth=\dimen160
\c@newflo@tctr=\count197
\mem@margin@floatbox=\box47
\@contcwidth=\skip121
\@contindw=\skip122
\abovecaptionskip=\skip123
\belowcaptionskip=\skip124
\subfloattopskip=\skip125
\subfloatcapskip=\skip126
\subfloatcaptopadj=\skip127
\subfloatbottomskip=\skip128
\subfloatlabelskip=\skip129
\subfloatcapmargin=\dimen161
\c@@contsubnum=\count198
\m@mscap@capbox=\box48
\m@mscap@fbox=\box49
\sidecapsep=\dimen162
\sidecapwidth=\dimen163
\m@m@tempdima=\dimen164
\m@mscapraise=\dimen165
\sidecapraise=\dimen166
\m@mscapmainwidth=\dimen167
\m@mscaplkern=\dimen168
\beforeepigraphskip=\skip130
\afterepigraphskip=\skip131
\epigraphwidth=\skip132
\epigraphrule=\skip133
LaTeX Info: Redefining \em on input line 7662.
LaTeX Info: Redefining \emph on input line 7670.
\tocentryskip=\skip134
\tocbaseline=\skip135
\cftparskip=\skip136
\cftbeforebookskip=\skip137
\cftbookindent=\dimen169
\cftbooknumwidth=\dimen170
\cftbeforepartskip=\skip138
\cftpartindent=\skip139
\cftpartnumwidth=\skip140
\cftbeforechapterskip=\skip141
\cftchapterindent=\skip142
\cftchapternumwidth=\skip143
\cftbeforesectionskip=\skip144
\cftsectionindent=\skip145
\cftsectionnumwidth=\skip146
\cftbeforesubsectionskip=\skip147
\cftsubsectionindent=\skip148
\cftsubsectionnumwidth=\skip149
\cftbeforesubsubsectionskip=\skip150
\cftsubsubsectionindent=\skip151
\cftsubsubsectionnumwidth=\skip152
\cftbeforeparagraphskip=\skip153
\cftparagraphindent=\skip154
\cftparagraphnumwidth=\skip155
\cftbeforesubparagraphskip=\skip156
\cftsubparagraphindent=\skip157
\cftsubparagraphnumwidth=\skip158
\prechapterprecisshift=\dimen171
\c@maxsecnumdepth=\count199
\bibindent=\dimen172
\bibitemsep=\skip159
\indexcolsep=\skip160
\indexrule=\skip161
\indexmarkstyle=\toks21
\@indexbox=\insert252
\glossarycolsep=\dimen173
\glossaryrule=\dimen174
\sideparvshift=\skip162
\sideins=\insert251
\sidebartopsep=\skip163
\sidebarhsep=\skip164
\sidebarvsep=\skip165
\sidebarwidth=\skip166
\footmarkwidth=\skip167
\footmarksep=\skip168
\footparindent=\skip169
\footinsdim=\skip170
\footinsv@r=\insert250
\@mpfootinsv@r=\insert249
\m@m@k=\count266
\m@m@h=\dimen175
\m@mipn@skip=\skip171
\sidefootins=\insert248
\sidefootadjust=\skip172
\sidefootheight=\skip173
\sidefoothsep=\skip174
\sidefootvsep=\skip175
\sidefootwidth=\skip176
\m@mdownsf=\skip177
\c@sidefootnote=\count267
\sidefootmarkwidth=\skip178
\sidefootmarksep=\skip179
\sidefootparindent=\skip180
\c@pagenote=\count268
\c@pagenoteshadow=\count269
\mem@pn@lastkern=\skip181
\every@verbatim=\toks22
\afterevery@verbatim=\toks23
\verbatim@line=\toks24
\tab@position=\count270
\verbatim@in@stream=\read2
\verbatimindent=\skip182
\verbatim@out=\write3
\bvboxsep=\skip183
\c@memfbvline=\count271
\c@bvlinectr=\count272
\bvnumlength=\skip184
\fb@frw=\dimen176
\fb@frh=\dimen177
\FrameRule=\dimen178
\FrameSep=\dimen179
\c@cp@cntr=\count273
LaTeX Info: Redefining \: on input line 12187.
LaTeX Info: Redefining \! on input line 12189.
\c@ism@mctr=\count274
\c@xsm@mctr=\count275
\c@csm@mctr=\count276
\c@ksm@mctr=\count277
\c@xksm@mctr=\count278
\c@cksm@mctr=\count279
\c@msm@mctr=\count280
\c@xmsm@mctr=\count281
\c@cmsm@mctr=\count282
\c@bsm@mctr=\count283
\c@workm@mctr=\count284
\c@sheetsequence=\count285
\c@lastsheet=\count286
\c@lastpage=\count287

("C:\Users\t2vosx\AppData\Local\Programs\MiKTeX 2.9\tex/latex/textcase\textcase
.sty"
Package: textcase 2019/09/14 v1.00 Text only upper/lower case changing (DPC)
)
\c@figure=\count288
\c@lofdepth=\count289
\cftbeforefigureskip=\skip185
\cftfigureindent=\skip186
\cftfigurenumwidth=\skip187
\c@table=\count290
\c@lotdepth=\count291
\cftbeforetableskip=\skip188
\cfttableindent=\skip189
\cfttablenumwidth=\skip190
Package abstract [2008/07/23] emulated by memoir.
Package appendix [2008/07/23] emulated by memoir.
Package booktabs [2016/05/16] emulated by memoir.
Package ccaption [2008/07/23] emulated by memoir.
Package changepage [2008/07/23] emulated by memoir.
Package chngcntr [2008/07/23] emulated by memoir.
Package chngpage [2008/07/23] emulated by memoir.
Package crop emulated by memoir.
Package enumerate [2008/07/23] emulated by memoir.
Package epigraph [2008/07/23] emulated by memoir.
Package ifmtarg [2008/07/23] emulated by memoir.
Package index [2008/07/23] emulated by memoir.
Package makeidx [2008/07/23] emulated by memoir.
Package moreverb [2008/07/23] emulated by memoir.
Package mparhack [2008/07/23] emulated by memoir.
Package needspace [2008/07/23] emulated by memoir.
Package newfile [2008/07/23] emulated by memoir.
Package nextpage [2008/07/23] emulated by memoir.
Package pagenote [2008/07/23] emulated by memoir.
Package parskip [2008/07/23] emulated by memoir.
Package patchcmd [2008/07/23] emulated by memoir.
Package setspace [2008/07/23] emulated by memoir.
Package shortvrb [2008/07/23] emulated by memoir.
Package showidx [2008/07/23] emulated by memoir.
Package titleref [2008/07/23] emulated by memoir.
Package titling [2008/07/23] emulated by memoir.
Package tocbibind [2008/07/23] emulated by memoir.
Package tocloft [2008/07/23] emulated by memoir.
Package tocvsec2 [2008/07/23] emulated by memoir.
Package verbatim [2008/07/23] emulated by memoir.
Package verse [2008/07/23] emulated by memoir.
)
("C:\Users\t2vosx\AppData\Local\Programs\MiKTeX 2.9\tex/generic/babel\babel.sty
"
Package: babel 2020/02/14 3.40 The Babel package

("C:\Users\t2vosx\AppData\Local\Programs\MiKTeX 2.9\tex/generic/babel\switch.de
f"
File: switch.def 2020/02/14 3.40 Babel switching mechanism
)
*************************************
* Local config file bblopts.cfg used
*
("C:\Users\t2vosx\AppData\Local\Programs\MiKTeX 2.9\tex/latex/arabi\bblopts.cfg
"
File: bblopts.cfg 2005/09/08 v0.1 add Arabic and Farsi to "declared" options of
 babel
)
("C:\Users\t2vosx\AppData\Local\Programs\MiKTeX 2.9\tex/latex/babel-english\eng
lish.ldf"
Language: english 2017/06/06 v3.3r English support from the babel system

("C:\Users\t2vosx\AppData\Local\Programs\MiKTeX 2.9\tex/generic/babel\babel.def
"
File: babel.def 2020/02/14 3.40 Babel common definitions
\babel@savecnt=\count292
\U@D=\dimen180

("C:\Users\t2vosx\AppData\Local\Programs\MiKTeX 2.9\tex/generic/babel\txtbabel.
def")
\bbl@readstream=\read3
\bbl@dirlevel=\count293
)
Package babel Info: \l@canadian = using hyphenrules for english
(babel)             (\language0) on input line 102.
Package babel Info: \l@australian = using hyphenrules for ukenglish
(babel)             (\language77) on input line 105.
Package babel Info: \l@newzealand = using hyphenrules for ukenglish
(babel)             (\language77) on input line 108.
)
("C:\Users\t2vosx\AppData\Local\Programs\MiKTeX 2.9\tex/latex/babel-dutch\dutch
.ldf"
Language: dutch 2005/03/30 v3.8i Dutch support from the babel system
Package babel Info: Making " an active character on input line 132.
))
("C:\Users\t2vosx\AppData\Local\Programs\MiKTeX 2.9\tex/latex/graphics\graphicx
.sty"
Package: graphicx 2019/11/30 v1.2a Enhanced LaTeX Graphics (DPC,SPQR)

("C:\Users\t2vosx\AppData\Local\Programs\MiKTeX 2.9\tex/latex/graphics\graphics
.sty"
Package: graphics 2019/11/30 v1.4a Standard LaTeX Graphics (DPC,SPQR)

("C:\Users\t2vosx\AppData\Local\Programs\MiKTeX 2.9\tex/latex/graphics\trig.sty
"
Package: trig 2016/01/03 v1.10 sin cos tan (DPC)
)
("C:\Users\t2vosx\AppData\Local\Programs\MiKTeX 2.9\tex/latex/graphics-cfg\grap
hics.cfg"
File: graphics.cfg 2016/06/04 v1.11 sample graphics configuration
)
Package graphics Info: Driver file: pdftex.def on input line 105.

("C:\Users\t2vosx\AppData\Local\Programs\MiKTeX 2.9\tex/latex/graphics-def\pdft
ex.def"
File: pdftex.def 2018/01/08 v1.0l Graphics/color driver for pdftex
))
\Gin@req@height=\dimen181
\Gin@req@width=\dimen182
)
("C:\Users\t2vosx\AppData\Local\Programs\MiKTeX 2.9\tex/latex/graphics\color.st
y"
Package: color 2019/11/23 v1.2a Standard LaTeX Color (DPC)

("C:\Users\t2vosx\AppData\Local\Programs\MiKTeX 2.9\tex/latex/graphics-cfg\colo
r.cfg"
File: color.cfg 2016/01/02 v1.6 sample color configuration
)
Package color Info: Driver file: pdftex.def on input line 147.
)
("C:\Users\t2vosx\AppData\Local\Programs\MiKTeX 2.9\tex/latex/base\fontenc.sty"
Package: fontenc 2020/02/11 v2.0o Standard LaTeX package
))
("C:\Users\t2vosx\AppData\Local\Programs\MiKTeX 2.9\tex/latex/base\fontenc.sty"
Package: fontenc 2020/02/11 v2.0o Standard LaTeX package
) ("C:\Users\t2vosx\AppData\Local\Programs\MiKTeX 2.9\tex/latex/lm\lmodern.sty"
Package: lmodern 2009/10/30 v1.6 Latin Modern Fonts
LaTeX Font Info:    Overwriting symbol font `operators' in version `normal'
(Font)                  OT1/cmr/m/n --> OT1/lmr/m/n on input line 22.
LaTeX Font Info:    Overwriting symbol font `letters' in version `normal'
(Font)                  OML/cmm/m/it --> OML/lmm/m/it on input line 23.
LaTeX Font Info:    Overwriting symbol font `symbols' in version `normal'
(Font)                  OMS/cmsy/m/n --> OMS/lmsy/m/n on input line 24.
LaTeX Font Info:    Overwriting symbol font `largesymbols' in version `normal'
(Font)                  OMX/cmex/m/n --> OMX/lmex/m/n on input line 25.
LaTeX Font Info:    Overwriting symbol font `operators' in version `bold'
(Font)                  OT1/cmr/bx/n --> OT1/lmr/bx/n on input line 26.
LaTeX Font Info:    Overwriting symbol font `letters' in version `bold'
(Font)                  OML/cmm/b/it --> OML/lmm/b/it on input line 27.
LaTeX Font Info:    Overwriting symbol font `symbols' in version `bold'
(Font)                  OMS/cmsy/b/n --> OMS/lmsy/b/n on input line 28.
LaTeX Font Info:    Overwriting symbol font `largesymbols' in version `bold'
(Font)                  OMX/cmex/m/n --> OMX/lmex/m/n on input line 29.
LaTeX Font Info:    Overwriting math alphabet `\mathbf' in version `normal'
(Font)                  OT1/cmr/bx/n --> OT1/lmr/bx/n on input line 31.
LaTeX Font Info:    Overwriting math alphabet `\mathsf' in version `normal'
(Font)                  OT1/cmss/m/n --> OT1/lmss/m/n on input line 32.
LaTeX Font Info:    Overwriting math alphabet `\mathit' in version `normal'
(Font)                  OT1/cmr/m/it --> OT1/lmr/m/it on input line 33.
LaTeX Font Info:    Overwriting math alphabet `\mathtt' in version `normal'
(Font)                  OT1/cmtt/m/n --> OT1/lmtt/m/n on input line 34.
LaTeX Font Info:    Overwriting math alphabet `\mathbf' in version `bold'
(Font)                  OT1/cmr/bx/n --> OT1/lmr/bx/n on input line 35.
LaTeX Font Info:    Overwriting math alphabet `\mathsf' in version `bold'
(Font)                  OT1/cmss/bx/n --> OT1/lmss/bx/n on input line 36.
LaTeX Font Info:    Overwriting math alphabet `\mathit' in version `bold'
(Font)                  OT1/cmr/bx/it --> OT1/lmr/bx/it on input line 37.
LaTeX Font Info:    Overwriting math alphabet `\mathtt' in version `bold'
(Font)                  OT1/cmtt/m/n --> OT1/lmtt/m/n on input line 38.
)
("C:\Users\t2vosx\AppData\Local\Programs\MiKTeX 2.9\tex/latex/microtype\microty
pe.sty"
Package: microtype 2019/11/18 v2.7d Micro-typographical refinements (RS)
\MT@toks=\toks25
\MT@count=\count294
LaTeX Info: Redefining \textls on input line 790.
\MT@outer@kern=\dimen183
LaTeX Info: Redefining \textmicrotypecontext on input line 1354.
\MT@listname@count=\count295

("C:\Users\t2vosx\AppData\Local\Programs\MiKTeX 2.9\tex/latex/microtype\microty
pe-pdftex.def"
File: microtype-pdftex.def 2019/11/18 v2.7d Definitions specific to pdftex (RS)

LaTeX Info: Redefining \lsstyle on input line 914.
LaTeX Info: Redefining \lslig on input line 914.
\MT@outer@space=\skip191
)
Package microtype Info: Loading configuration file microtype.cfg.

("C:\Users\t2vosx\AppData\Local\Programs\MiKTeX 2.9\tex/latex/microtype\microty
pe.cfg"
File: microtype.cfg 2019/11/18 v2.7d microtype main configuration file (RS)
))
("C:\Users\t2vosx\AppData\Local\Programs\MiKTeX 2.9\tex/latex/hyperref\hyperref
.sty"
Package: hyperref 2020/01/14 v7.00d Hypertext links for LaTeX

("C:\Users\t2vosx\AppData\Local\Programs\MiKTeX 2.9\tex/generic/ltxcmds\ltxcmds
.sty"
Package: ltxcmds 2019/12/15 v1.24 LaTeX kernel commands for general use (HO)
)
("C:\Users\t2vosx\AppData\Local\Programs\MiKTeX 2.9\tex/latex/pdftexcmds\pdftex
cmds.sty"
Package: pdftexcmds 2019/11/24 v0.31 Utility functions of pdfTeX for LuaTeX (HO
)

("C:\Users\t2vosx\AppData\Local\Programs\MiKTeX 2.9\tex/generic/infwarerr\infwa
rerr.sty"
Package: infwarerr 2019/12/03 v1.5 Providing info/warning/error messages (HO)
)
Package pdftexcmds Info: \pdf@primitive is available.
Package pdftexcmds Info: \pdf@ifprimitive is available.
Package pdftexcmds Info: \pdfdraftmode found.
)
("C:\Users\t2vosx\AppData\Local\Programs\MiKTeX 2.9\tex/generic/kvsetkeys\kvset
keys.sty"
Package: kvsetkeys 2019/12/15 v1.18 Key value parser (HO)
)
("C:\Users\t2vosx\AppData\Local\Programs\MiKTeX 2.9\tex/generic/kvdefinekeys\kv
definekeys.sty"
Package: kvdefinekeys 2019-12-19 v1.6 Define keys (HO)
)
("C:\Users\t2vosx\AppData\Local\Programs\MiKTeX 2.9\tex/generic/pdfescape\pdfes
cape.sty"
Package: pdfescape 2019/12/09 v1.15 Implements pdfTeX's escape features (HO)
)
("C:\Users\t2vosx\AppData\Local\Programs\MiKTeX 2.9\tex/latex/hycolor\hycolor.s
ty"
Package: hycolor 2020-01-27 v1.10 Color options for hyperref/bookmark (HO)
)
("C:\Users\t2vosx\AppData\Local\Programs\MiKTeX 2.9\tex/latex/letltxmacro\letlt
xmacro.sty"
Package: letltxmacro 2019/12/03 v1.6 Let assignment for LaTeX macros (HO)
)
("C:\Users\t2vosx\AppData\Local\Programs\MiKTeX 2.9\tex/latex/auxhook\auxhook.s
ty"
Package: auxhook 2019-12-17 v1.6 Hooks for auxiliary files (HO)
)
("C:\Users\t2vosx\AppData\Local\Programs\MiKTeX 2.9\tex/latex/kvoptions\kvoptio
ns.sty"
Package: kvoptions 2019/11/29 v3.13 Key value format for package options (HO)
)
\@linkdim=\dimen184
\Hy@linkcounter=\count296
\Hy@pagecounter=\count297

("C:\Users\t2vosx\AppData\Local\Programs\MiKTeX 2.9\tex/latex/hyperref\pd1enc.d
ef"
File: pd1enc.def 2020/01/14 v7.00d Hyperref: PDFDocEncoding definition (HO)
Now handling font encoding PD1 ...
... no UTF-8 mapping file for font encoding PD1
)
("C:\Users\t2vosx\AppData\Local\Programs\MiKTeX 2.9\tex/generic/intcalc\intcalc
.sty"
Package: intcalc 2019/12/15 v1.3 Expandable calculations with integers (HO)
)
("C:\Users\t2vosx\AppData\Local\Programs\MiKTeX 2.9\tex/generic/etexcmds\etexcm
ds.sty"
Package: etexcmds 2019/12/15 v1.7 Avoid name clashes with e-TeX commands (HO)
)
\Hy@SavedSpaceFactor=\count298
Package hyperref Info: Option `pdfusetitle' set `true' on input line 4421.
Package hyperref Info: Option `colorlinks' set `true' on input line 4421.
Package hyperref Info: Option `plainpages' set `false' on input line 4421.
Package hyperref Info: Hyper figures OFF on input line 4547.
Package hyperref Info: Link nesting OFF on input line 4552.
Package hyperref Info: Hyper index ON on input line 4555.
Package hyperref Info: Plain pages OFF on input line 4562.
Package hyperref Info: Backreferencing OFF on input line 4567.
Package hyperref Info: Implicit mode ON; LaTeX internals redefined.
Package hyperref Info: Bookmarks ON on input line 4800.
\c@Hy@tempcnt=\count299

("C:\Users\t2vosx\AppData\Local\Programs\MiKTeX 2.9\tex/latex/url\url.sty"
\Urlmuskip=\muskip16
Package: url 2013/09/16  ver 3.4  Verb mode for urls, etc.
)
LaTeX Info: Redefining \url on input line 5159.
\XeTeXLinkMargin=\dimen185

("C:\Users\t2vosx\AppData\Local\Programs\MiKTeX 2.9\tex/generic/bitset\bitset.s
ty"
Package: bitset 2019/12/09 v1.3 Handle bit-vector datatype (HO)

("C:\Users\t2vosx\AppData\Local\Programs\MiKTeX 2.9\tex/generic/bigintcalc\bigi
ntcalc.sty"
Package: bigintcalc 2019/12/15 v1.5 Expandable calculations on big integers (HO
)
))
\Fld@menulength=\count300
\Field@Width=\dimen186
\Fld@charsize=\dimen187
Package hyperref Info: Hyper figures OFF on input line 6430.
Package hyperref Info: Link nesting OFF on input line 6435.
Package hyperref Info: Hyper index ON on input line 6438.
Package hyperref Info: backreferencing OFF on input line 6445.
Package hyperref Info: Link coloring ON on input line 6448.
Package hyperref Info: Link coloring with OCG OFF on input line 6455.
Package hyperref Info: PDF/A mode OFF on input line 6460.
LaTeX Info: Redefining \ref on input line 6500.
LaTeX Info: Redefining \pageref on input line 6504.

("C:\Users\t2vosx\AppData\Local\Programs\MiKTeX 2.9\tex/generic/atbegshi\atbegs
hi.sty"
Package: atbegshi 2019/12/05 v1.19 At begin shipout hook (HO)
)
\Hy@abspage=\count301
\c@Item=\count302
\c@Hfootnote=\count303
)
("C:\Users\t2vosx\AppData\Local\Programs\MiKTeX 2.9\tex/latex/memoir\memhfixc.s
ty"
Package: memhfixc 2019/10/24 v1.18 nameref/hyperref package fixes for memoir cl
ass
\c@memhycontfloat=\count304
\c@Hpagenote=\count305
)
Package hyperref Info: Driver (autodetected): hpdftex.

("C:\Users\t2vosx\AppData\Local\Programs\MiKTeX 2.9\tex/latex/hyperref\hpdftex.
def"
File: hpdftex.def 2020/01/14 v7.00d Hyperref driver for pdfTeX

("C:\Users\t2vosx\AppData\Local\Programs\MiKTeX 2.9\tex/latex/atveryend\atverye
nd.sty"
Package: atveryend 2019-12-11 v1.11 Hooks at the very end of document (HO)
Package atveryend Info: \enddocument detected (standard20110627).
)
\Fld@listcount=\count306
\c@bookmark@seq@number=\count307

("C:\Users\t2vosx\AppData\Local\Programs\MiKTeX 2.9\tex/latex/rerunfilecheck\re
runfilecheck.sty"
Package: rerunfilecheck 2019/12/05 v1.9 Rerun checks for auxiliary files (HO)

("C:\Users\t2vosx\AppData\Local\Programs\MiKTeX 2.9\tex/generic/uniquecounter\u
niquecounter.sty"
Package: uniquecounter 2019/12/15 v1.4 Provide unlimited unique counter (HO)
)
Package uniquecounter Info: New unique counter `rerunfilecheck' on input line 2
86.
)
\Hy@SectionHShift=\skip192
)
("C:\Users\t2vosx\AppData\Local\Programs\MiKTeX 2.9\tex/latex/tools\bm.sty"
Package: bm 2019/07/24 v1.2d Bold Symbol Support (DPC/FMi)
\symboldoperators=\mathgroup4
\symboldletters=\mathgroup5
\symboldsymbols=\mathgroup6
LaTeX Font Info:    Redeclaring math alphabet \mathbf on input line 141.
LaTeX Info: Redefining \bm on input line 209.
)
("C:\Users\t2vosx\AppData\Local\Programs\MiKTeX 2.9\tex/latex/amsfonts\amsfonts
.sty"
Package: amsfonts 2013/01/14 v3.01 Basic AMSFonts support
\@emptytoks=\toks26
\symAMSa=\mathgroup7
\symAMSb=\mathgroup8
LaTeX Font Info:    Redeclaring math symbol \hbar on input line 98.
LaTeX Font Info:    Overwriting math alphabet `\mathfrak' in version `bold'
(Font)                  U/euf/m/n --> U/euf/b/n on input line 106.
)
("C:\Users\t2vosx\AppData\Local\Programs\MiKTeX 2.9\tex/latex/amsmath\amsmath.s
ty"
Package: amsmath 2020/01/20 v2.17e AMS math features
\@mathmargin=\skip193

For additional information on amsmath, use the `?' option.

("C:\Users\t2vosx\AppData\Local\Programs\MiKTeX 2.9\tex/latex/amsmath\amstext.s
ty"
Package: amstext 2000/06/29 v2.01 AMS text

("C:\Users\t2vosx\AppData\Local\Programs\MiKTeX 2.9\tex/latex/amsmath\amsgen.st
y"
File: amsgen.sty 1999/11/30 v2.0 generic functions
\@emptytoks=\toks27
\ex@=\dimen188
))
("C:\Users\t2vosx\AppData\Local\Programs\MiKTeX 2.9\tex/latex/amsmath\amsbsy.st
y"
Package: amsbsy 1999/11/29 v1.2d Bold Symbols
LaTeX Info: Redefining \boldsymbol on input line 28.
\pmbraise@=\dimen189
)
("C:\Users\t2vosx\AppData\Local\Programs\MiKTeX 2.9\tex/latex/amsmath\amsopn.st
y"
Package: amsopn 2016/03/08 v2.02 operator names
)
\inf@bad=\count308
LaTeX Info: Redefining \frac on input line 227.
\uproot@=\count309
\leftroot@=\count310
LaTeX Info: Redefining \overline on input line 389.
\classnum@=\count311
\DOTSCASE@=\count312
LaTeX Info: Redefining \ldots on input line 486.
LaTeX Info: Redefining \dots on input line 489.
LaTeX Info: Redefining \cdots on input line 610.
\Mathstrutbox@=\box50
\strutbox@=\box51
\big@size=\dimen190
LaTeX Font Info:    Redeclaring font encoding OML on input line 733.
LaTeX Font Info:    Redeclaring font encoding OMS on input line 734.
\macc@depth=\count313
\c@MaxMatrixCols=\count314
\dotsspace@=\muskip17
\c@parentequation=\count315
\dspbrk@lvl=\count316
\tag@help=\toks28
\row@=\count317
\column@=\count318
\maxfields@=\count319
\andhelp@=\toks29
\eqnshift@=\dimen191
\alignsep@=\dimen192
\tagshift@=\dimen193
\tagwidth@=\dimen194
\totwidth@=\dimen195
\lineht@=\dimen196
\@envbody=\toks30
\multlinegap=\skip194
\multlinetaggap=\skip195
\mathdisplay@stack=\toks31
LaTeX Info: Redefining \[ on input line 2859.
LaTeX Info: Redefining \] on input line 2860.
)
("C:\Users\t2vosx\AppData\Local\Programs\MiKTeX 2.9\tex/latex/wrapfig\wrapfig.s
ty"
\wrapoverhang=\dimen197
\WF@size=\dimen198
\c@WF@wrappedlines=\count320
\WF@box=\box52
\WF@everypar=\toks32
Package: wrapfig 2003/01/31  v 3.6
)
("C:\Users\t2vosx\AppData\Local\Programs\MiKTeX 2.9\tex/latex/physics\physics.s
ty"
Package: physics 

("C:\Users\t2vosx\AppData\Local\Programs\MiKTeX 2.9\tex/latex/l3packages/xparse
\xparse.sty"
("C:\Users\t2vosx\AppData\Local\Programs\MiKTeX 2.9\tex/latex/l3kernel\expl3.st
y"
Package: expl3 2020-02-14 L3 programming layer (loader) 

("C:\Users\t2vosx\AppData\Local\Programs\MiKTeX 2.9\tex/latex/l3backend\l3backe
nd-pdfmode.def"
File: l3backend-pdfmode.def 2020-02-03 L3 backend support: PDF mode
\l__kernel_color_stack_int=\count321
\l__pdf_internal_box=\box53
))
Package: xparse 2020-02-14 L3 Experimental document command parser
\l__xparse_current_arg_int=\count322
\g__xparse_grabber_int=\count323
\l__xparse_m_args_int=\count324
\l__xparse_v_nesting_int=\count325
))
("C:\Users\t2vosx\AppData\Local\Programs\MiKTeX 2.9\tex/latex/algorithm2e\algor
ithm2e.sty"
Package: algorithm2e 2017/07/18 v5.2 algorithms environments
\c@AlgoLine=\count326

("C:\Users\t2vosx\AppData\Local\Programs\MiKTeX 2.9\tex/latex/base\ifthen.sty"
Package: ifthen 2014/09/29 v1.1c Standard LaTeX ifthen package (DPC)
)
\algocf@hangindent=\skip196

("C:\Users\t2vosx\AppData\Local\Programs\MiKTeX 2.9\tex/latex/ifoddpage\ifoddpa
ge.sty"
Package: ifoddpage 2016/04/23 v1.1 Conditionals for odd/even page detection
\c@checkoddpage=\count327
LaTeX Info: Redefining \checkoddpage on input line 45.
)
("C:\Users\t2vosx\AppData\Local\Programs\MiKTeX 2.9\tex/latex/tools\xspace.sty"
Package: xspace 2014/10/28 v1.13 Space after command names (DPC,MH)
)
("C:\Users\t2vosx\AppData\Local\Programs\MiKTeX 2.9\tex/latex/relsize\relsize.s
ty"
Package: relsize 2013/03/29 ver 4.1
)
\skiptotal=\skip197
\skiplinenumber=\skip198
\skiprule=\skip199
\skiphlne=\skip256
\skiptext=\skip257
\skiplength=\skip258
\algomargin=\skip259
\skipalgocfslide=\skip260
\algowidth=\dimen199
\inoutsize=\dimen256
\inoutindent=\dimen257
\interspacetitleruled=\dimen258
\interspacealgoruled=\dimen259
\interspacetitleboxruled=\dimen260
\algocf@ruledwidth=\skip261
\algocf@inoutbox=\box54
\algocf@inputbox=\box55
\AlCapSkip=\skip262
\AlCapHSkip=\skip263
\algoskipindent=\skip264
\algocf@nlbox=\box56
\algocf@hangingbox=\box57
\algocf@untilbox=\box58
\algocf@skipuntil=\skip265
\algocf@capbox=\box59
\algocf@lcaptionbox=\skip266
\algoheightruledefault=\skip267
\algoheightrule=\skip268
\algotitleheightruledefault=\skip269
\algotitleheightrule=\skip270
\c@algocfline=\count328
\c@algocfproc=\count329
\c@algocf=\count330
\algocf@algoframe=\box60
\algocf@algobox=\box61
)
("C:\Users\t2vosx\AppData\Local\Programs\MiKTeX 2.9\tex/latex/amscls\amsthm.sty
"
Package: amsthm 2017/10/31 v2.20.4
\thm@style=\toks33
\thm@bodyfont=\toks34
\thm@headfont=\toks35
\thm@notefont=\toks36
\thm@headpunct=\toks37
\thm@preskip=\skip271
\thm@postskip=\skip272
\thm@headsep=\skip273
\dth@everypar=\toks38
)

Class memoir Warning: For the caption package to function properly with memoir,
 we will now reset\caption and friends to kernel defaults and then let the capt
ion package take over. Remember: all caption configuration now goves via the ca
ption package interface, not the interface from the memoir class. .


("C:\Users\t2vosx\AppData\Local\Programs\MiKTeX 2.9\tex/latex/caption\caption.s
ty"
Package: caption 2020/01/03 v3.4h Customizing captions (AR)

("C:\Users\t2vosx\AppData\Local\Programs\MiKTeX 2.9\tex/latex/caption\caption3.
sty"
Package: caption3 2020/01/03 v1.8h caption3 kernel (AR)
Package caption3 Info: TeX engine: e-TeX on input line 61.
\captionmargin=\dimen261
\captionmargin@=\dimen262
\captionwidth=\dimen263
\caption@tempdima=\dimen264
\caption@indent=\dimen265
\caption@parindent=\dimen266
\caption@hangindent=\dimen267
Package caption Info: memoir document class detected.
)
\c@caption@flags=\count331
\c@continuedfloat=\count332
Package caption Info: hyperref package is loaded.
Package caption Info: wrapfig package is loaded.
)
("C:\Users\t2vosx\AppData\Local\Programs\MiKTeX 2.9\tex/latex/caption\subcaptio
n.sty"
Package: subcaption 2020/01/22 v1.3d Sub-captions (AR)
\c@subfigure=\count333
\c@subtable=\count334
)
("C:\Users\t2vosx\AppData\Local\Programs\MiKTeX 2.9\tex/latex/lipsum\lipsum.sty
"
Package: lipsum 2019/01/02 v2.2 150 paragraphs of Lorem Ipsum dummy text

("C:\Users\t2vosx\AppData\Local\Programs\MiKTeX 2.9\tex/latex/lipsum\lipsum.ltd
.tex"
File: lipsum.ltd.tex 2019/01/02 v2.2 The Lorem ipsum dummy text
))

Package lipsum Warning: \setlipsumdefault on line 47
(lipsum)                \setlipsumdefault  should be substituted by
(lipsum)                \SetLipsumDefault .

(masterproef.aux (intro.aux) (chap-1.aux) (chap-2.aux) (chap-3.aux) (chap-4.aux

LaTeX Warning: Label `fig:complex_path' multiply defined.

) (conclusion.aux) (app-A.aux) (app-B.aux

LaTeX Warning: Label `fig:lat_acc_val' multiply defined.


LaTeX Warning: Label `fig:lat_acc_val' multiply defined.


LaTeX Warning: Label `fig:lat_acc_val' multiply defined.


LaTeX Warning: Label `fig:lat_acc_val' multiply defined.


LaTeX Warning: Label `fig:lat_acc_val' multiply defined.


LaTeX Warning: Label `fig:lat_acc_val' multiply defined.


LaTeX Warning: Label `fig:lat_acc_val' multiply defined.


LaTeX Warning: Label `fig:lat_acc_val' multiply defined.


LaTeX Warning: Label `fig:lat_acc_val' multiply defined.


LaTeX Warning: Label `fig:lat_acc_val' multiply defined.


LaTeX Warning: Label `fig:lat_acc_val' multiply defined.


LaTeX Warning: Label `fig:lat_acc_val' multiply defined.


LaTeX Warning: Label `fig:lat_acc_val' multiply defined.


LaTeX Warning: Label `fig:lat_acc_val' multiply defined.


LaTeX Warning: Label `fig:lat_acc_val' multiply defined.


LaTeX Warning: Label `fig:lat_acc_val' multiply defined.


LaTeX Warning: Label `fig:lat_acc_val' multiply defined.


LaTeX Warning: Label `fig:lat_acc_val' multiply defined.


LaTeX Warning: Label `fig:lat_acc_val' multiply defined.


LaTeX Warning: Label `fig:lat_acc_val' multiply defined.


LaTeX Warning: Label `fig:lat_acc_val' multiply defined.


LaTeX Warning: Label `fig:lat_acc_val' multiply defined.

) (app-C.aux

LaTeX Warning: Label `fig:lat_acc_val' multiply defined.


LaTeX Warning: Label `fig:lat_acc_val' multiply defined.


LaTeX Warning: Label `fig:lat_acc_val' multiply defined.


LaTeX Warning: Label `fig:lat_acc_val' multiply defined.


LaTeX Warning: Label `fig:lat_acc_val' multiply defined.


LaTeX Warning: Label `fig:lat_acc_val' multiply defined.


LaTeX Warning: Label `fig:lat_acc_val' multiply defined.


LaTeX Warning: Label `fig:lat_acc_val' multiply defined.

) (app-D.aux) (app-E.aux))
\openout1 = `masterproef.aux'.

LaTeX Font Info:    Checking defaults for OML/cmm/m/it on input line 51.
LaTeX Font Info:    ... okay on input line 51.
LaTeX Font Info:    Checking defaults for OMS/cmsy/m/n on input line 51.
LaTeX Font Info:    ... okay on input line 51.
LaTeX Font Info:    Checking defaults for OT1/cmr/m/n on input line 51.
LaTeX Font Info:    ... okay on input line 51.
LaTeX Font Info:    Checking defaults for T1/cmr/m/n on input line 51.
LaTeX Font Info:    ... okay on input line 51.
LaTeX Font Info:    Checking defaults for TS1/cmr/m/n on input line 51.
LaTeX Font Info:    ... okay on input line 51.
LaTeX Font Info:    Checking defaults for OMX/cmex/m/n on input line 51.
LaTeX Font Info:    ... okay on input line 51.
LaTeX Font Info:    Checking defaults for U/cmr/m/n on input line 51.
LaTeX Font Info:    ... okay on input line 51.
LaTeX Font Info:    Checking defaults for PD1/pdf/m/n on input line 51.
LaTeX Font Info:    ... okay on input line 51.
LaTeX Font Info:    Trying to load font information for T1+lmr on input line 51
.

("C:\Users\t2vosx\AppData\Local\Programs\MiKTeX 2.9\tex/latex/lm\t1lmr.fd"
File: t1lmr.fd 2009/10/30 v1.6 Font defs for Latin Modern
)
("C:\Users\t2vosx\AppData\Local\Programs\MiKTeX 2.9\tex/context/base/mkii\supp-
pdf.mkii"
[Loading MPS to PDF converter (version 2006.09.02).]
\scratchcounter=\count335
\scratchdimen=\dimen268
\scratchbox=\box62
\nofMPsegments=\count336
\nofMParguments=\count337
\everyMPshowfont=\toks39
\MPscratchCnt=\count338
\MPscratchDim=\dimen269
\MPnumerator=\count339
\makeMPintoPDFobject=\count340
\everyMPtoPDFconversion=\toks40
)
("C:\Users\t2vosx\AppData\Local\Programs\MiKTeX 2.9\tex/latex/epstopdf-pkg\epst
opdf-base.sty"
Package: epstopdf-base 2020-01-24 v2.11 Base part for package epstopdf
Package epstopdf-base Info: Redefining graphics rule for `.eps' on input line 4
85.
)

******************************************************
Stock height and width: 845.04684pt by 597.50787pt
Top and edge trims: 0pt and 0pt
Page height and width: 845.04684pt by 597.50787pt
Text height and width: 609.40027pt by 398pt
Spine and edge margins: 79.6665pt and 119.50279pt
Upper and lower margins: 106.09436pt and 129.55222pt
Headheight and headsep: 13.6pt and 19.8738pt
Footskip: 27.46295pt
Columnsep and columnseprule: 10pt and 0pt
Marginparsep and marginparwidth: 16.31996pt and 86.86287pt
Sidecapsep and sidecapwidth: 7pt and 101pt
Sidebarhsep and sidebarwidth: 7pt and 101pt
Sidebarvsep and sidebartopsep: 13.6pt and 0pt
Sidebarheight: 594.32022pt
Sidefoothsep and sidefootwidth: 7pt and 101pt
Sidefootvsep and sidefootheight: 13.6pt and 594.32022pt
******************************************************

LaTeX Info: Redefining \microtypecontext on input line 51.
Package microtype Info: Generating PDF output.
Package microtype Info: Character protrusion enabled (level 2).
Package microtype Info: Using default protrusion set `alltext'.
Package microtype Info: Automatic font expansion enabled (level 2),
(microtype)             stretch: 20, shrink: 20, step: 1, non-selected.
Package microtype Info: Using default expansion set `basictext'.
LaTeX Info: Redefining \showhyphens on input line 51.
Package microtype Info: No adjustment of tracking.
Package microtype Info: No adjustment of interword spacing.
Package microtype Info: No adjustment of character kerning.

("C:\Users\t2vosx\AppData\Local\Programs\MiKTeX 2.9\tex/latex/microtype\mt-cmr.
cfg"
File: mt-cmr.cfg 2013/05/19 v2.2 microtype config. file: Computer Modern Roman 
(RS)
)
\AtBeginShipoutBox=\box63
Package hyperref Info: Link coloring ON on input line 51.

("C:\Users\t2vosx\AppData\Local\Programs\MiKTeX 2.9\tex/latex/hyperref\nameref.
sty"
Package: nameref 2019/09/16 v2.46 Cross-referencing by name of section

("C:\Users\t2vosx\AppData\Local\Programs\MiKTeX 2.9\tex/latex/refcount\refcount
.sty"
Package: refcount 2019/12/15 v3.6 Data extraction from label references (HO)
)
("C:\Users\t2vosx\AppData\Local\Programs\MiKTeX 2.9\tex/generic/gettitlestring\
gettitlestring.sty"
Package: gettitlestring 2019/12/15 v1.6 Cleanup title references (HO)
)
\c@section@level=\count341
)
Redoing nameref's sectioning
Redoing nameref's label
LaTeX Info: Redefining \nameref on input line 51.
LaTeX Info: Redefining \ref on input line 51.
LaTeX Info: Redefining \pageref on input line 51.
LaTeX Info: Redefining \nameref on input line 51.
(masterproef.out) (masterproef.out)
\@outlinefile=\write4
\openout4 = `masterproef.out'.

Package caption Info: Begin \AtBeginDocument code.
Package caption Info: End \AtBeginDocument code.
Package microtype Info: Loading generic protrusion settings for font family
(microtype)             `kulemtfpf' (encoding: T1).
(microtype)             For optimal results, create family-specific settings.
(microtype)             See the microtype manual for details.
<logokuleng.pdf, id=123, 159.33528pt x 85.358pt>
File: logokuleng.pdf Graphic file (type pdf)
<use logokuleng.pdf>
Package pdftex.def Info: logokuleng.pdf  used on input line 51.
(pdftex.def)             Requested size: 159.33542pt x 85.3617pt.
LaTeX Font Info:    Font shape `T1/kulemtfpf/b/n' in size <12> not available
(Font)              Font shape `T1/kulemtfpf/bx/n' tried instead on input line 
51.
LaTeX Font Info:    Font shape `T1/kulemtfpf/b/n' in size <14.4> not available
(Font)              Font shape `T1/kulemtfpf/bx/n' tried instead on input line 
51.
 [-1


{C:/Users/t2vosx/AppData/Local/MiKTeX/2.9/pdftex/config/pdftex.map} <C:/Users/t
2vosx/AppData/Local/MiKTeX/2.9/tex/latex/kulemt/logokuleng.pdf>]
LaTeX Font Info:    Trying to load font information for TS1+lmr on input line 5
1.

("C:\Users\t2vosx\AppData\Local\Programs\MiKTeX 2.9\tex/latex/lm\ts1lmr.fd"
File: ts1lmr.fd 2009/10/30 v1.6 Font defs for Latin Modern
)
LaTeX Font Info:    Trying to load font information for T1+lmtt on input line 5
1.

("C:\Users\t2vosx\AppData\Local\Programs\MiKTeX 2.9\tex/latex/lm\t1lmtt.fd"
File: t1lmtt.fd 2009/10/30 v1.6 Font defs for Latin Modern
)
Package microtype Info: Loading generic protrusion settings for font family
(microtype)             `lmtt' (encoding: T1).
(microtype)             For optimal results, create family-specific settings.
(microtype)             See the microtype manual for details.

[0


] [1



] (masterproef.toc
LaTeX Font Info:    Trying to load font information for OT1+lmr on input line 1
0.

("C:\Users\t2vosx\AppData\Local\Programs\MiKTeX 2.9\tex/latex/lm\ot1lmr.fd"
File: ot1lmr.fd 2009/10/30 v1.6 Font defs for Latin Modern
)
LaTeX Font Info:    Trying to load font information for OML+lmm on input line 1
0.

("C:\Users\t2vosx\AppData\Local\Programs\MiKTeX 2.9\tex/latex/lm\omllmm.fd"
File: omllmm.fd 2009/10/30 v1.6 Font defs for Latin Modern
)
LaTeX Font Info:    Trying to load font information for OMS+lmsy on input line 
10.

("C:\Users\t2vosx\AppData\Local\Programs\MiKTeX 2.9\tex/latex/lm\omslmsy.fd"
File: omslmsy.fd 2009/10/30 v1.6 Font defs for Latin Modern
)
LaTeX Font Info:    Trying to load font information for OMX+lmex on input line 
10.

("C:\Users\t2vosx\AppData\Local\Programs\MiKTeX 2.9\tex/latex/lm\omxlmex.fd"
File: omxlmex.fd 2009/10/30 v1.6 Font defs for Latin Modern
)
LaTeX Font Info:    External font `lmex10' loaded for size
(Font)              <10.95> on input line 10.
LaTeX Font Info:    External font `lmex10' loaded for size
(Font)              <8> on input line 10.
LaTeX Font Info:    External font `lmex10' loaded for size
(Font)              <6> on input line 10.
LaTeX Font Info:    Trying to load font information for U+msa on input line 10.


("C:\Users\t2vosx\AppData\Local\Programs\MiKTeX 2.9\tex/latex/amsfonts\umsa.fd"
File: umsa.fd 2013/01/14 v3.01 AMS symbols A
)
("C:\Users\t2vosx\AppData\Local\Programs\MiKTeX 2.9\tex/latex/microtype\mt-msa.
cfg"
File: mt-msa.cfg 2006/02/04 v1.1 microtype config. file: AMS symbols (a) (RS)
)
LaTeX Font Info:    Trying to load font information for U+msb on input line 10.


("C:\Users\t2vosx\AppData\Local\Programs\MiKTeX 2.9\tex/latex/amsfonts\umsb.fd"
File: umsb.fd 2013/01/14 v3.01 AMS symbols B
)
("C:\Users\t2vosx\AppData\Local\Programs\MiKTeX 2.9\tex/latex/microtype\mt-msb.
cfg"
File: mt-msb.cfg 2005/06/01 v1.0 microtype config. file: AMS symbols (b) (RS)
) [2


])
Package microtype Info: Character `029' is missing
(microtype)             in font `T1/lmr/m/sc/10.95'.
(microtype)             Ignoring protrusion settings for this character.
 [3] [4

] [5


] (masterproef.lof [6


])
Underfull \vbox (badness 10000) has occurred while \output is active []

 [7]
(masterproef.lot) [8]
Overfull \hbox (1.21292pt too wide) in paragraph at lines 114--114
[]|$\OML/lmm/b/it/10.95 f[]$| 
 []

[9

] [10

]
\openout2 = `intro.aux'.

 (intro.tex
<figures/AV.png, id=433, 1204.5pt x 903.375pt>
File: figures/AV.png Graphic file (type png)
<use figures/AV.png>
Package pdftex.def Info: figures/AV.png  used on input line 9.
(pdftex.def)             Requested size: 139.30243pt x 104.47177pt.

Underfull \hbox (badness 10000) in paragraph at lines 15--17

 []

[1


 <./figures/AV.png>]
Underfull \hbox (badness 10000) in paragraph at lines 18--19

 []


Underfull \hbox (badness 10000) in paragraph at lines 21--22

 []


Underfull \hbox (badness 10000) in paragraph at lines 23--24

 []

[2]
<figures/lane_change.PNG, id=460, 384.2355pt x 120.32954pt>
File: figures/lane_change.PNG Graphic file (type png)
<use figures/lane_change.PNG>
Package pdftex.def Info: figures/lane_change.PNG  used on input line 27.
(pdftex.def)             Requested size: 318.40121pt x 99.71558pt.

Underfull \hbox (badness 10000) in paragraph at lines 32--33

 []

) [3 <./figures/lane_change.PNG>]
\openout2 = `chap-1.aux'.

 (chap-1.tex [4



]

Package hyperref Warning: Token not allowed in a PDF string (PDFDocEncoding):
(hyperref)                removing `\\' on input line 1.


Underfull \hbox (badness 10000) in paragraph at lines 4--5

 []


Underfull \hbox (badness 10000) in paragraph at lines 19--23

 []

[5]
Underfull \hbox (badness 10000) in paragraph at lines 24--25

 []

Package epstopdf Info: Source file: <figures/discretized.eps>
(epstopdf)                    date: 2020-04-02 10:15:22
(epstopdf)                    size: 30560 bytes
(epstopdf)             Output file: <figures/discretized-eps-converted-to.pdf>
(epstopdf)                    date: 2020-04-02 10:30:59
(epstopdf)                    size: 11911 bytes
(epstopdf)             Command: <epstopdf --outfile=figures/discretized-eps-con
verted-to.pdf figures/discretized.eps>
(epstopdf)             \includegraphics on input line 31.
Package epstopdf Info: Output file is already uptodate.


pdfTeX warning: pdflatex.exe (file ./figures/discretized-eps-converted-to.pdf):
 PDF inclusion: found PDF version <1.7>, but at most version <1.5> allowed
<figures/discretized-eps-converted-to.pdf, id=485, 374.39874pt x 119.44624pt>
File: figures/discretized-eps-converted-to.pdf Graphic file (type pdf)
<use figures/discretized-eps-converted-to.pdf>
Package pdftex.def Info: figures/discretized-eps-converted-to.pdf  used on inpu
t line 31.
(pdftex.def)             Requested size: 318.40121pt x 101.58627pt.

Underfull \hbox (badness 10000) in paragraph at lines 39--40

 []


Class memoir Warning: The material used in the headers is too large
(27.2pt) for the given head height (13.6pt), it is recommended to
either increase the head height or redesign the header
(in both cases you will find help in the memoir manual). on input line 40.


Overfull \vbox (13.59999pt too high) has occurred while \output is active []


[6 <./figures/discretized-eps-converted-to.pdf>]
Underfull \hbox (badness 10000) in paragraph at lines 41--43

 []

Package epstopdf Info: Source file: <figures/MS_int.eps>
(epstopdf)                    date: 2020-04-02 10:16:33
(epstopdf)                    size: 17328 bytes
(epstopdf)             Output file: <figures/MS_int-eps-converted-to.pdf>
(epstopdf)                    date: 2020-04-02 10:31:00
(epstopdf)                    size: 8019 bytes
(epstopdf)             Command: <epstopdf --outfile=figures/MS_int-eps-converte
d-to.pdf figures/MS_int.eps>
(epstopdf)             \includegraphics on input line 77.
Package epstopdf Info: Output file is already uptodate.


pdfTeX warning: pdflatex.exe (file ./figures/MS_int-eps-converted-to.pdf): PDF 
inclusion: found PDF version <1.7>, but at most version <1.5> allowed
<figures/MS_int-eps-converted-to.pdf, id=512, 224.84pt x 102.3825pt>
File: figures/MS_int-eps-converted-to.pdf Graphic file (type pdf)
<use figures/MS_int-eps-converted-to.pdf>
Package pdftex.def Info: figures/MS_int-eps-converted-to.pdf  used on input lin
e 77.
(pdftex.def)             Requested size: 195.02219pt x 88.80803pt.
Package epstopdf Info: Source file: <figures/SS.eps>
(epstopdf)                    date: 2020-04-02 10:16:36
(epstopdf)                    size: 17234 bytes
(epstopdf)             Output file: <figures/SS-eps-converted-to.pdf>
(epstopdf)                    date: 2020-04-02 10:31:01
(epstopdf)                    size: 8224 bytes
(epstopdf)             Command: <epstopdf --outfile=figures/SS-eps-converted-to
.pdf figures/SS.eps>
(epstopdf)             \includegraphics on input line 82.
Package epstopdf Info: Output file is already uptodate.


pdfTeX warning: pdflatex.exe (file ./figures/SS-eps-converted-to.pdf): PDF incl
usion: found PDF version <1.7>, but at most version <1.5> allowed
<figures/SS-eps-converted-to.pdf, id=513, 224.84pt x 102.3825pt>
File: figures/SS-eps-converted-to.pdf Graphic file (type pdf)
<use figures/SS-eps-converted-to.pdf>
Package pdftex.def Info: figures/SS-eps-converted-to.pdf  used on input line 82
.
(pdftex.def)             Requested size: 195.02219pt x 88.80803pt.
[7]
Underfull \hbox (badness 10000) in paragraph at lines 88--89

 []


Underfull \hbox (badness 10000) in paragraph at lines 94--95

 []

LaTeX Font Info:    External font `lmex10' loaded for size
(Font)              <9> on input line 96.
LaTeX Font Info:    External font `lmex10' loaded for size
(Font)              <5> on input line 96.

Underfull \hbox (badness 10000) in paragraph at lines 98--99

 []


Overfull \vbox (13.59999pt too high) has occurred while \output is active []


[8 <./figures/MS_int-eps-converted-to.pdf> <./figures/SS-eps-converted-to.pdf>]
<figures/MPC1.PNG, id=556, 660.66824pt x 349.90726pt>
File: figures/MPC1.PNG Graphic file (type png)
<use figures/MPC1.PNG>
Package pdftex.def Info: figures/MPC1.PNG  used on input line 102.
(pdftex.def)             Requested size: 238.80243pt x 126.47372pt.
<figures/MPC2.PNG, id=560, 649.82774pt x 363.759pt>
File: figures/MPC2.PNG Graphic file (type png)
<use figures/MPC2.PNG>
Package pdftex.def Info: figures/MPC2.PNG  used on input line 109.
(pdftex.def)             Requested size: 238.80243pt x 133.67844pt.
) [9 <./figures/MPC1.PNG> <./figures/MPC2.PNG>]
\openout2 = `chap-2.aux'.

 (chap-2.tex [10



]
Underfull \hbox (badness 10000) in paragraph at lines 8--9

 []

<figures/comfort.PNG, id=574, 378.81525pt x 387.849pt>
File: figures/comfort.PNG Graphic file (type png)
<use figures/comfort.PNG>
Package pdftex.def Info: figures/comfort.PNG  used on input line 12.
(pdftex.def)             Requested size: 191.0383pt x 195.59291pt.

LaTeX Warning: `!h' float specifier changed to `!ht'.


Underfull \hbox (badness 10000) in paragraph at lines 24--25

 []


Underfull \hbox (badness 10000) in paragraph at lines 26--29

 []

[11]
Underfull \hbox (badness 10000) in paragraph at lines 40--41

 []


Underfull \hbox (badness 10000) in paragraph at lines 42--43

 []

[12 <./figures/comfort.PNG>]
Underfull \hbox (badness 10000) in paragraph at lines 44--45

 []


Underfull \hbox (badness 10000) in paragraph at lines 58--59

 []


Underfull \hbox (badness 10000) in paragraph at lines 60--61

 []

[13]
Underfull \hbox (badness 10000) in paragraph at lines 69--70

 []


Underfull \hbox (badness 10000) in paragraph at lines 89--92

 []

[14]
Underfull \hbox (badness 10000) in paragraph at lines 98--100

 []


Underfull \hbox (badness 10000) in paragraph at lines 118--119

 []

[15] [16] [17])
\openout2 = `chap-3.aux'.

 (chap-3.tex [18



]

Package hyperref Warning: Token not allowed in a PDF string (PDFDocEncoding):
(hyperref)                removing `\\' on input line 1.


Underfull \hbox (badness 10000) in paragraph at lines 4--6

 []

<figures/Bicycle_model_paper.png, id=676, 623.32875pt x 307.1475pt>
File: figures/Bicycle_model_paper.png Graphic file (type png)
<use figures/Bicycle_model_paper.png>
Package pdftex.def Info: figures/Bicycle_model_paper.png  used on input line 11
.
(pdftex.def)             Requested size: 199.0pt x 98.05956pt.

Underfull \vbox (badness 10000) has occurred while \output is active []

 [19 <./figures/Bicycle_model_paper.png>]
Underfull \hbox (badness 10000) in paragraph at lines 50--51

 []


Underfull \hbox (badness 10000) in paragraph at lines 77--79

 []


Overfull \vbox (13.59999pt too high) has occurred while \output is active []


[20]
Underfull \hbox (badness 10000) in paragraph at lines 102--104

 []


LaTeX Warning: `h' float specifier changed to `ht'.

[21]
Underfull \hbox (badness 10000) in paragraph at lines 130--131

 []


Underfull \hbox (badness 10000) in paragraph at lines 134--135

 []

<figures/basic_learning.png, id=717, 533.995pt x 242.9075pt>
File: figures/basic_learning.png Graphic file (type png)
<use figures/basic_learning.png>
Package pdftex.def Info: figures/basic_learning.png  used on input line 138.
(pdftex.def)             Requested size: 398.0pt x 181.05339pt.

LaTeX Warning: `!h' float specifier changed to `!ht'.


Overfull \vbox (13.59999pt too high) has occurred while \output is active []


[22]
Underfull \hbox (badness 10000) in paragraph at lines 145--146

 []


Underfull \vbox (badness 10000) has occurred while \output is active []

 [23 <./figures/basic_learning.png>]
Underfull \hbox (badness 10000) in paragraph at lines 186--187

 []


Overfull \vbox (13.59999pt too high) has occurred while \output is active []


[24]
Underfull \hbox (badness 10000) in paragraph at lines 202--203

 []


Underfull \hbox (badness 10000) in paragraph at lines 206--207

 []


Underfull \hbox (badness 10000) in paragraph at lines 208--210

 []

[25]
Underfull \hbox (badness 10000) in paragraph at lines 211--212

 []


Underfull \hbox (badness 10000) in paragraph at lines 213--214

 []


Underfull \hbox (badness 10000) in paragraph at lines 219--220

 []


Underfull \hbox (badness 10000) in paragraph at lines 221--222

 []


Underfull \hbox (badness 10000) in paragraph at lines 228--229

 []


Overfull \vbox (13.59999pt too high) has occurred while \output is active []


[26]
Underfull \hbox (badness 10000) in paragraph at lines 234--236

 []


Underfull \hbox (badness 10000) in paragraph at lines 240--242

 []


Underfull \hbox (badness 10000) in paragraph at lines 246--248

 []


Underfull \hbox (badness 10000) in paragraph at lines 252--254

 []


Underfull \hbox (badness 10000) in paragraph at lines 258--260

 []


Underfull \hbox (badness 10000) in paragraph at lines 266--268

 []

[27]
Underfull \hbox (badness 10000) in paragraph at lines 277--279

 []


Underfull \hbox (badness 10000) in paragraph at lines 287--288

 []


Underfull \hbox (badness 10000) in paragraph at lines 296--297

 []


Overfull \vbox (13.59999pt too high) has occurred while \output is active []


[28]

Package caption Warning: \label without proper reference on input line 316.
See the caption package documentation for explanation.


LaTeX Warning: Reference `table:norm' on page 29 undefined on input line 301.


Underfull \hbox (badness 10000) in paragraph at lines 323--324

 []

[29]
Underfull \hbox (badness 10000) in paragraph at lines 331--332

 []


Underfull \hbox (badness 10000) in paragraph at lines 333--334

 []

<figures/jerk_num.png, id=835, 363.60844pt x 290.58563pt>
File: figures/jerk_num.png Graphic file (type png)
<use figures/jerk_num.png>
Package pdftex.def Info: figures/jerk_num.png  used on input line 356.
(pdftex.def)             Requested size: 179.09879pt x 143.1331pt.
<figures/jerk_ana.png, id=836, 361.35pt x 289.08pt>
File: figures/jerk_ana.png Graphic file (type png)
<use figures/jerk_ana.png>
Package pdftex.def Info: figures/jerk_ana.png  used on input line 362.
(pdftex.def)             Requested size: 179.09879pt x 143.27809pt.

LaTeX Warning: `!h' float specifier changed to `!ht'.


Overfull \vbox (13.59999pt too high) has occurred while \output is active []


[30] [31 <./figures/jerk_num.png> <./figures/jerk_ana.png>]
Underfull \hbox (badness 10000) in paragraph at lines 407--408

 []


Package caption Warning: \label without proper reference on input line 69.
See the caption package documentation for explanation.


LaTeX Warning: Reference `fig:lat_acc_val' on page 32 undefined on input line 4
34.


Underfull \vbox (badness 3590) has occurred while \output is active []


Overfull \vbox (13.59999pt too high) has occurred while \output is active []


[32]
<figures/lat_acc.png, id=890, 1221.06187pt x 649.67719pt>
File: figures/lat_acc.png Graphic file (type png)
<use figures/lat_acc.png>
Package pdftex.def Info: figures/lat_acc.png  used on input line 438.
(pdftex.def)             Requested size: 398.0pt x 211.7572pt.
<figures/slipangle.png, id=891, 1215.79219pt x 645.16031pt>
File: figures/slipangle.png Graphic file (type png)
<use figures/slipangle.png>
Package pdftex.def Info: figures/slipangle.png  used on input line 445.
(pdftex.def)             Requested size: 398.0pt x 211.19064pt.


LaTeX Warning: `!h' float specifier changed to `!ht'.


Underfull \hbox (badness 10000) in paragraph at lines 453--454

 []

[33 <./figures/lat_acc.png>]
Overfull \hbox (4.61307pt too wide) in paragraph at lines 460--461
[]\T1/lmr/bx/n/10.95 write some-thing about small lon-gi-tu-di-nal fea-tures an
d re-sult-ing bad weight
 []


Underfull \hbox (badness 10000) in paragraph at lines 462--463

 []


Overfull \vbox (13.59999pt too high) has occurred while \output is active []


[34 <./figures/slipangle.png>]
Underfull \hbox (badness 10000) in paragraph at lines 467--468

 []


Underfull \hbox (badness 10000) in paragraph at lines 473--475

 []

[35]
<figures/3D_LP.png, id=926, 2409.0pt x 1204.5pt>
File: figures/3D_LP.png Graphic file (type png)
<use figures/3D_LP.png>
Package pdftex.def Info: figures/3D_LP.png  used on input line 497.
(pdftex.def)             Requested size: 398.0pt x 198.99123pt.


LaTeX Warning: `!h' float specifier changed to `!ht'.

<figures/3D_conv.png, id=928, 2409.0pt x 1204.5pt>
File: figures/3D_conv.png Graphic file (type png)
<use figures/3D_conv.png>
Package pdftex.def Info: figures/3D_conv.png  used on input line 506.
(pdftex.def)             Requested size: 398.0pt x 198.99123pt.

LaTeX Warning: `!h' float specifier changed to `!ht'.


Underfull \hbox (badness 10000) in paragraph at lines 511--512

 []

<figures/3D_w.png, id=931, 2409.0pt x 1204.5pt>
File: figures/3D_w.png Graphic file (type png)
<use figures/3D_w.png>
Package pdftex.def Info: figures/3D_w.png  used on input line 516.
(pdftex.def)             Requested size: 398.0pt x 198.99123pt.

LaTeX Warning: `!h' float specifier changed to `!ht'.


Underfull \hbox (badness 10000) in paragraph at lines 522--523

 []


Underfull \vbox (badness 10000) has occurred while \output is active []


Overfull \vbox (13.59999pt too high) has occurred while \output is active []


[36] [37 <./figures/3D_LP.png (PNG copy)> <./figures/3D_conv.png (PNG copy)>]
<figures/conflict.png, id=945, 687.56876pt x 453.695pt>
File: figures/conflict.png Graphic file (type png)
<use figures/conflict.png>
Package pdftex.def Info: figures/conflict.png  used on input line 526.
(pdftex.def)             Requested size: 437.80243pt x 288.88232pt.

Overfull \hbox (39.80243pt too wide) in paragraph at lines 526--527
 [][] 
 []


LaTeX Warning: `!h' float specifier changed to `!ht'.


Underfull \hbox (badness 10000) in paragraph at lines 531--532

 []


LaTeX Warning: `!h' float specifier changed to `!ht'.

<figures/3D_conv_conflict.png, id=955, 1399.8699pt x 742.2129pt>
File: figures/3D_conv_conflict.png Graphic file (type png)
<use figures/3D_conv_conflict.png>
Package pdftex.def Info: figures/3D_conv_conflict.png  used on input line 553.
(pdftex.def)             Requested size: 398.0pt x 211.02324pt.

LaTeX Warning: `!h' float specifier changed to `!ht'.


Overfull \vbox (13.59999pt too high) has occurred while \output is active []


[38 <./figures/3D_w.png (PNG copy)>] [39 <./figures/conflict.png>]
<figures/acc_conflict.png, id=971, 1163.547pt x 599.841pt>
File: figures/acc_conflict.png Graphic file (type png)
<use figures/acc_conflict.png>
Package pdftex.def Info: figures/acc_conflict.png  used on input line 563.
(pdftex.def)             Requested size: 437.80243pt x 225.6995pt.

Overfull \hbox (39.80243pt too wide) in paragraph at lines 563--564
 [][] 
 []


LaTeX Warning: `!h' float specifier changed to `!ht'.

<figures/acc_comp.png, id=974, 1177.2783pt x 606.3453pt>
File: figures/acc_comp.png Graphic file (type png)
<use figures/acc_comp.png>
Package pdftex.def Info: figures/acc_comp.png  used on input line 575.
(pdftex.def)             Requested size: 398.0pt x 204.9889pt.

LaTeX Warning: `!h' float specifier changed to `!ht'.


Underfull \vbox (badness 10000) has occurred while \output is active []


Overfull \vbox (13.59999pt too high) has occurred while \output is active []


[40 <./figures/3D_conv_conflict.png>]
Underfull \vbox (badness 10000) has occurred while \output is active []

 [41 <./figures/acc_conflict.png> <./figures/acc_comp.png>])
Overfull \vbox (13.59999pt too high) has occurred while \output is active []


[42]
\openout2 = `chap-4.aux'.

 (chap-4.tex
<figures/Amesim.PNG, id=994, 688.37175pt x 426.393pt>
File: figures/Amesim.PNG Graphic file (type png)
<use figures/Amesim.PNG>
Package pdftex.def Info: figures/Amesim.PNG  used on input line 10.
(pdftex.def)             Requested size: 398.0pt x 246.53386pt.

Underfull \vbox (badness 4084) has occurred while \output is active []

 [43



 <./figures/Amesim.PNG>]
<figures/complex_learning_diagram.PNG, id=1005, 783.92876pt x 297.11pt>
File: figures/complex_learning_diagram.PNG Graphic file (type png)
<use figures/complex_learning_diagram.PNG>
Package pdftex.def Info: figures/complex_learning_diagram.PNG  used on input li
ne 20.
(pdftex.def)             Requested size: 437.80243pt x 165.93164pt.

Overfull \hbox (39.80243pt too wide) in paragraph at lines 20--21
 [][] 
 []


Underfull \hbox (badness 10000) in paragraph at lines 25--26

 []

[44 <./figures/complex_learning_diagram.PNG>]

LaTeX Warning: Reference `eq:obj_mpc' on page 45 undefined on input line 54.


Underfull \vbox (badness 4429) has occurred while \output is active []

 [45]
Overfull \hbox (65.03555pt too wide) detected at line 87
 []$[]  \OML/lmm/m/it/10.95 objective \OT1/lmr/m/n/10.95 = \OML/lmm/m/it/10.95 
W[]\OT1/lmr/m/n/10.95 (\OML/lmm/b/it/10.95 x\OT1/lmr/m/n/10.95 [2 : \OML/lmm/m/
it/10.95 end\OT1/lmr/m/n/10.95 ] \OMS/lmsy/m/n/10.95   \OML/lmm/b/it/10.95 ref[
]\OT1/lmr/m/n/10.95 )[](\OML/lmm/b/it/10.95 x\OT1/lmr/m/n/10.95 [2 : \OML/lmm/m
/it/10.95 end\OT1/lmr/m/n/10.95 ] \OMS/lmsy/m/n/10.95   \OML/lmm/b/it/10.95 ref
[]\OT1/lmr/m/n/10.95 ) + \OML/lmm/m/it/10.95 W[]\OT1/lmr/m/n/10.95 (\OML/lmm/b/
it/10.95 y\OT1/lmr/m/n/10.95 [2 : \OML/lmm/m/it/10.95 end\OT1/lmr/m/n/10.95 ] \
OMS/lmsy/m/n/10.95   \OML/lmm/b/it/10.95 ref[]\OT1/lmr/m/n/10.95 )[](\OML/lmm/b
/it/10.95 y\OT1/lmr/m/n/10.95 [2 : \OML/lmm/m/it/10.95 end\OT1/lmr/m/n/10.95 ] 
\OMS/lmsy/m/n/10.95   \OML/lmm/b/it/10.95 ref[]\OT1/lmr/m/n/10.95 )$ 
 []


Overfull \hbox (39.05359pt too wide) detected at line 87
 []$[] \OT1/lmr/m/n/10.95 + \OML/lmm/m/it/10.95 W[]\OT1/lmr/m/n/10.95 (\OML/lmm
/b/it/10.95 v[]\OT1/lmr/m/n/10.95 [2 : \OML/lmm/m/it/10.95 end\OT1/lmr/m/n/10.9
5 ] \OMS/lmsy/m/n/10.95   \OML/lmm/b/it/10.95 ref[]\OT1/lmr/m/n/10.95 )[](\OML/
lmm/b/it/10.95 v[]\OT1/lmr/m/n/10.95 [2 : \OML/lmm/m/it/10.95 end\OT1/lmr/m/n/1
0.95 ] \OMS/lmsy/m/n/10.95   \OML/lmm/b/it/10.95 ref[]\OT1/lmr/m/n/10.95 ) + \O
ML/lmm/m/it/10.95 W[]\OT1/lmr/m/n/10.95 (\OML/lmm/b/it/10.95 v[]\OT1/lmr/m/n/10
.95 [2 : \OML/lmm/m/it/10.95 end\OT1/lmr/m/n/10.95 ] \OMS/lmsy/m/n/10.95   \OML
/lmm/b/it/10.95 ref[]\OT1/lmr/m/n/10.95 )[](\OML/lmm/b/it/10.95 v[]\OT1/lmr/m/n
/10.95 [2 : \OML/lmm/m/it/10.95 end\OT1/lmr/m/n/10.95 ] \OMS/lmsy/m/n/10.95   \
OML/lmm/b/it/10.95 ref[]\OT1/lmr/m/n/10.95 )$ 
 []


Overfull \hbox (16.93646pt too wide) detected at line 87
 []$[] \OT1/lmr/m/n/10.95 + \OML/lmm/m/it/10.95 W[]\OT1/lmr/m/n/10.95 (\OML/lmm
/b/it/10.95  \OT1/lmr/m/n/10.95 [2 : \OML/lmm/m/it/10.95 end\OT1/lmr/m/n/10.95 
] \OMS/lmsy/m/n/10.95   \OML/lmm/b/it/10.95 ref[]\OT1/lmr/m/n/10.95 )[](\OML/lm
m/b/it/10.95  \OT1/lmr/m/n/10.95 [2 : \OML/lmm/m/it/10.95 end\OT1/lmr/m/n/10.95
 ] \OMS/lmsy/m/n/10.95   \OML/lmm/b/it/10.95 ref[]\OT1/lmr/m/n/10.95 ) + \OML/l
mm/m/it/10.95 W[]\OT1/lmr/m/n/10.95 ([][2 : \OML/lmm/m/it/10.95 end\OT1/lmr/m/n
/10.95 ] \OMS/lmsy/m/n/10.95   \OML/lmm/b/it/10.95 ref[]\OT1/lmr/m/n/10.95 )[](
[][2 : \OML/lmm/m/it/10.95 end\OT1/lmr/m/n/10.95 ] \OMS/lmsy/m/n/10.95   \OML/l
mm/b/it/10.95 ref[]\OT1/lmr/m/n/10.95 )$ 
 []


LaTeX Warning: `!h' float specifier changed to `!ht'.


Underfull \hbox (badness 10000) in paragraph at lines 110--112

 []

[46]
Underfull \hbox (badness 10000) in paragraph at lines 113--114

 []

<figures/simulink_model.PNG, id=1048, 1067.78925pt x 413.1435pt>
File: figures/simulink_model.PNG Graphic file (type png)
<use figures/simulink_model.PNG>
Package pdftex.def Info: figures/simulink_model.PNG  used on input line 119.
(pdftex.def)             Requested size: 437.80243pt x 169.38992pt.

Overfull \hbox (39.80243pt too wide) in paragraph at lines 119--120
 [][] 
 []


LaTeX Warning: `!h' float specifier changed to `!ht'.

[47]
<figures/2xy_N50_TMPC 0.1_Tf40.PNG, id=1057, 1188.69093pt x 654.19406pt>
File: figures/2xy_N50_TMPC 0.1_Tf40.PNG Graphic file (type png)
<use figures/2xy_N50_TMPC 0.1_Tf40.PNG>
Package pdftex.def Info: figures/2xy_N50_TMPC 0.1_Tf40.PNG  used on input line 
134.
(pdftex.def)             Requested size: 457.69757pt x 251.89044pt.

Overfull \hbox (59.69757pt too wide) in paragraph at lines 134--135
 [][] 
 []


LaTeX Warning: `!h' float specifier changed to `!ht'.


Underfull \hbox (badness 10000) in paragraph at lines 139--141

 []

[48 <./figures/simulink_model.PNG>]
<figures/9jerks_N50_TMPC 0.1_Tf22.5_adjusted.PNG, id=1070, 582.67688pt x 639.13
782pt>
File: figures/9jerks_N50_TMPC 0.1_Tf22.5_adjusted.PNG Graphic file (type png)
<use figures/9jerks_N50_TMPC 0.1_Tf22.5_adjusted.PNG>
Package pdftex.def Info: figures/9jerks_N50_TMPC 0.1_Tf22.5_adjusted.PNG  used 
on input line 146.
(pdftex.def)             Requested size: 318.40121pt x 349.26431pt.


LaTeX Warning: `!h' float specifier changed to `!ht'.


Underfull \hbox (badness 10000) in paragraph at lines 153--154

 []

[49 <./figures/2xy_N50_TMPC 0.1_Tf40.PNG>]
Underfull \vbox (badness 10000) has occurred while \output is active []

 [50 <./figures/9jerks_N50_TMPC 0.1_Tf22.5_adjusted.PNG>]

LaTeX Warning: `!h' float specifier changed to `!ht'.


Underfull \hbox (badness 10000) in paragraph at lines 220--221

 []

[51]

LaTeX Warning: Reference `fig:complex_path_error' on page 52 undefined on input
 line 222.

<figures/2path_N1000IT28.PNG, id=1101, 1189.44376pt x 664.73344pt>
File: figures/2path_N1000IT28.PNG Graphic file (type png)
<use figures/2path_N1000IT28.PNG>
Package pdftex.def Info: figures/2path_N1000IT28.PNG  used on input line 226.
(pdftex.def)             Requested size: 437.80243pt x 244.66951pt.

Overfull \hbox (39.80243pt too wide) in paragraph at lines 226--227
 [][] 
 []

<figures/error learned path.PNG, id=1102, 1227.83719pt x 680.5425pt>
File: figures/error learned path.PNG Graphic file (type png)
<use figures/error learned path.PNG>
Package pdftex.def Info: figures/error learned path.PNG  used on input line 233
.
(pdftex.def)             Requested size: 437.80243pt x 242.65866pt.

Overfull \hbox (39.80243pt too wide) in paragraph at lines 233--234
 [][] 
 []


LaTeX Warning: `!h' float specifier changed to `!ht'.

<figures/12frel.PNG, id=1104, 1092.33093pt x 610.53094pt>
File: figures/12frel.PNG Graphic file (type png)
<use figures/12frel.PNG>
Package pdftex.def Info: figures/12frel.PNG  used on input line 242.
(pdftex.def)             Requested size: 437.80243pt x 244.7018pt.

Overfull \hbox (39.80243pt too wide) in paragraph at lines 242--243
 [][] 
 []

[52 <./figures/2path_N1000IT28.PNG>] [53 <./figures/error learned path.PNG> <./
figures/12frel.PNG>]
<figures/7JX_JY_N1000IT28.PNG, id=1117, 1229.34282pt x 642.14906pt>
File: figures/7JX_JY_N1000IT28.PNG Graphic file (type png)
<use figures/7JX_JY_N1000IT28.PNG>
Package pdftex.def Info: figures/7JX_JY_N1000IT28.PNG  used on input line 251.
(pdftex.def)             Requested size: 437.80243pt x 228.6847pt.

Overfull \hbox (39.80243pt too wide) in paragraph at lines 251--252
 [][] 
 []

) [54 <./figures/7JX_JY_N1000IT28.PNG>]
\openout2 = `conclusion.aux'.

 (conclusion.tex) [55



] [56


] [57]
[58]
\openout2 = `app-A.aux'.

 (app-A.tex) [59


]
\openout2 = `app-B.aux'.

 (app-B.tex [60



]
<figures/1t.png, id=1147, 722.7pt x 286.1892pt>
File: figures/1t.png Graphic file (type png)
<use figures/1t.png>
Package pdftex.def Info: figures/1t.png  used on input line 11.
(pdftex.def)             Requested size: 398.0pt x 157.60977pt.
<figures/2t.png, id=1148, 462.528pt x 344.0052pt>
File: figures/2t.png Graphic file (type png)
<use figures/2t.png>
Package pdftex.def Info: figures/2t.png  used on input line 18.
(pdftex.def)             Requested size: 318.40121pt x 236.82318pt.


LaTeX Warning: `!h' float specifier changed to `!ht'.

<figures/3t.png, id=1149, 722.7pt x 286.1892pt>
File: figures/3t.png Graphic file (type png)
<use figures/3t.png>
Package pdftex.def Info: figures/3t.png  used on input line 24.
(pdftex.def)             Requested size: 398.0pt x 157.60977pt.

LaTeX Warning: `!h' float specifier changed to `!ht'.

<figures/4t.png, id=1150, 722.7pt x 286.1892pt>
File: figures/4t.png Graphic file (type png)
<use figures/4t.png>
Package pdftex.def Info: figures/4t.png  used on input line 31.
(pdftex.def)             Requested size: 398.0pt x 157.60977pt.

LaTeX Warning: `!h' float specifier changed to `!ht'.

<figures/5t.png, id=1151, 722.7pt x 286.1892pt>
File: figures/5t.png Graphic file (type png)
<use figures/5t.png>
Package pdftex.def Info: figures/5t.png  used on input line 38.
(pdftex.def)             Requested size: 398.0pt x 157.60977pt.

LaTeX Warning: `!h' float specifier changed to `!ht'.

<figures/6t.png, id=1152, 722.7pt x 286.1892pt>
File: figures/6t.png Graphic file (type png)
<use figures/6t.png>
Package pdftex.def Info: figures/6t.png  used on input line 45.
(pdftex.def)             Requested size: 398.0pt x 157.60977pt.

LaTeX Warning: `!h' float specifier changed to `!ht'.

<figures/7t.png, id=1153, 722.7pt x 286.1892pt>
File: figures/7t.png Graphic file (type png)
<use figures/7t.png>
Package pdftex.def Info: figures/7t.png  used on input line 52.
(pdftex.def)             Requested size: 398.0pt x 157.60977pt.

LaTeX Warning: `!h' float specifier changed to `!ht'.

<figures/8t.png, id=1154, 1351.449pt x 606.3453pt>
File: figures/8t.png Graphic file (type png)
<use figures/8t.png>
Package pdftex.def Info: figures/8t.png  used on input line 59.
(pdftex.def)             Requested size: 398.0pt x 178.56499pt.

LaTeX Warning: `!h' float specifier changed to `!ht'.

<figures/9t.png, id=1155, 722.7pt x 286.1892pt>
File: figures/9t.png Graphic file (type png)
<use figures/9t.png>
Package pdftex.def Info: figures/9t.png  used on input line 66.
(pdftex.def)             Requested size: 398.0pt x 157.60977pt.

LaTeX Warning: `!h' float specifier changed to `!ht'.

<figures/10t.png, id=1156, 722.7pt x 286.1892pt>
File: figures/10t.png Graphic file (type png)
<use figures/10t.png>
Package pdftex.def Info: figures/10t.png  used on input line 73.
(pdftex.def)             Requested size: 398.0pt x 157.60977pt.

LaTeX Warning: `!h' float specifier changed to `!ht'.

<figures/11t.png, id=1157, 722.7pt x 286.1892pt>
File: figures/11t.png Graphic file (type png)
<use figures/11t.png>
Package pdftex.def Info: figures/11t.png  used on input line 80.
(pdftex.def)             Requested size: 398.0pt x 157.60977pt.

LaTeX Warning: `!h' float specifier changed to `!ht'.

[61 <./figures/1t.png>] [62 <./figures/2t.png> <./figures/3t.png> <./figures/4t
.png>] [63 <./figures/5t.png> <./figures/6t.png> <./figures/7t.png>] [64 <./fig
ures/8t.png> <./figures/9t.png> <./figures/10t.png>] [65 <./figures/11t.png>]
<figures/1.png, id=1201, 722.7pt x 286.1892pt>
File: figures/1.png Graphic file (type png)
<use figures/1.png>
Package pdftex.def Info: figures/1.png  used on input line 91.
(pdftex.def)             Requested size: 398.0pt x 157.60977pt.
<figures/2.png, id=1202, 462.528pt x 344.0052pt>
File: figures/2.png Graphic file (type png)
<use figures/2.png>
Package pdftex.def Info: figures/2.png  used on input line 98.
(pdftex.def)             Requested size: 318.40121pt x 236.82318pt.
<figures/3.png, id=1203, 722.7pt x 286.1892pt>
File: figures/3.png Graphic file (type png)
<use figures/3.png>
Package pdftex.def Info: figures/3.png  used on input line 104.
(pdftex.def)             Requested size: 398.0pt x 157.60977pt.


LaTeX Warning: `!h' float specifier changed to `!ht'.

<figures/4.png, id=1204, 722.7pt x 286.1892pt>
File: figures/4.png Graphic file (type png)
<use figures/4.png>
Package pdftex.def Info: figures/4.png  used on input line 111.
(pdftex.def)             Requested size: 398.0pt x 157.60977pt.

LaTeX Warning: `!h' float specifier changed to `!ht'.

<figures/5.png, id=1205, 722.7pt x 286.1892pt>
File: figures/5.png Graphic file (type png)
<use figures/5.png>
Package pdftex.def Info: figures/5.png  used on input line 118.
(pdftex.def)             Requested size: 398.0pt x 157.60977pt.

LaTeX Warning: `!h' float specifier changed to `!ht'.

<figures/6.png, id=1206, 722.7pt x 286.1892pt>
File: figures/6.png Graphic file (type png)
<use figures/6.png>
Package pdftex.def Info: figures/6.png  used on input line 125.
(pdftex.def)             Requested size: 398.0pt x 157.60977pt.

LaTeX Warning: `!h' float specifier changed to `!ht'.

<figures/7.png, id=1207, 722.7pt x 286.1892pt>
File: figures/7.png Graphic file (type png)
<use figures/7.png>
Package pdftex.def Info: figures/7.png  used on input line 132.
(pdftex.def)             Requested size: 398.0pt x 157.60977pt.

LaTeX Warning: `!h' float specifier changed to `!ht'.

<figures/8.png, id=1208, 722.7pt x 286.1892pt>
File: figures/8.png Graphic file (type png)
<use figures/8.png>
Package pdftex.def Info: figures/8.png  used on input line 139.
(pdftex.def)             Requested size: 398.0pt x 157.60977pt.

LaTeX Warning: `!h' float specifier changed to `!ht'.

<figures/9.png, id=1209, 722.7pt x 286.1892pt>
File: figures/9.png Graphic file (type png)
<use figures/9.png>
Package pdftex.def Info: figures/9.png  used on input line 146.
(pdftex.def)             Requested size: 398.0pt x 157.60977pt.

LaTeX Warning: `!h' float specifier changed to `!ht'.

<figures/10.png, id=1210, 722.7pt x 286.1892pt>
File: figures/10.png Graphic file (type png)
<use figures/10.png>
Package pdftex.def Info: figures/10.png  used on input line 153.
(pdftex.def)             Requested size: 398.0pt x 157.60977pt.

LaTeX Warning: `!h' float specifier changed to `!ht'.

<figures/11.png, id=1211, 722.7pt x 286.1892pt>
File: figures/11.png Graphic file (type png)
<use figures/11.png>
Package pdftex.def Info: figures/11.png  used on input line 160.
(pdftex.def)             Requested size: 398.0pt x 157.60977pt.

LaTeX Warning: `!h' float specifier changed to `!ht'.

) [66

 <./figures/1.png> <./figures/2.png>] [67 <./figures/3.png> <./figures/4.png> <
./figures/5.png>] [68 <./figures/6.png> <./figures/7.png> <./figures/8.png>] [6
9 <./figures/9.png> <./figures/10.png> <./figures/11.png>]
\openout2 = `app-C.aux'.

 (app-C.tex
[70



]
<figures/1l.png, id=1263, 2409.0pt x 1204.5pt>
File: figures/1l.png Graphic file (type png)
<use figures/1l.png>
Package pdftex.def Info: figures/1l.png  used on input line 7.
(pdftex.def)             Requested size: 398.0pt x 198.99123pt.
<figures/2l.png, id=1264, 2409.0pt x 1204.5pt>
File: figures/2l.png Graphic file (type png)
<use figures/2l.png>
Package pdftex.def Info: figures/2l.png  used on input line 12.
(pdftex.def)             Requested size: 398.0pt x 198.99123pt.


LaTeX Warning: `!h' float specifier changed to `!ht'.

<figures/3l.png, id=1265, 2409.0pt x 1204.5pt>
File: figures/3l.png Graphic file (type png)
<use figures/3l.png>
Package pdftex.def Info: figures/3l.png  used on input line 18.
(pdftex.def)             Requested size: 398.0pt x 198.99123pt.

LaTeX Warning: `!h' float specifier changed to `!ht'.

<figures/4l.png, id=1266, 2409.0pt x 1204.5pt>
File: figures/4l.png Graphic file (type png)
<use figures/4l.png>
Package pdftex.def Info: figures/4l.png  used on input line 25.
(pdftex.def)             Requested size: 398.0pt x 198.99123pt.

LaTeX Warning: `!h' float specifier changed to `!ht'.

<figures/5l.png, id=1267, 2409.0pt x 1204.5pt>
File: figures/5l.png Graphic file (type png)
<use figures/5l.png>
Package pdftex.def Info: figures/5l.png  used on input line 32.
(pdftex.def)             Requested size: 398.0pt x 198.99123pt.

LaTeX Warning: `!h' float specifier changed to `!ht'.

<figures/6l.png, id=1268, 2409.0pt x 1204.5pt>
File: figures/6l.png Graphic file (type png)
<use figures/6l.png>
Package pdftex.def Info: figures/6l.png  used on input line 39.
(pdftex.def)             Requested size: 398.0pt x 198.99123pt.

LaTeX Warning: `!h' float specifier changed to `!ht'.

<figures/7l.png, id=1269, 2409.0pt x 1204.5pt>
File: figures/7l.png Graphic file (type png)
<use figures/7l.png>
Package pdftex.def Info: figures/7l.png  used on input line 46.
(pdftex.def)             Requested size: 398.0pt x 198.99123pt.

LaTeX Warning: `!h' float specifier changed to `!ht'.

<figures/8l.png, id=1270, 2409.0pt x 1204.5pt>
File: figures/8l.png Graphic file (type png)
<use figures/8l.png>
Package pdftex.def Info: figures/8l.png  used on input line 54.
(pdftex.def)             Requested size: 398.0pt x 198.99123pt.

LaTeX Warning: `!h' float specifier changed to `!ht'.

<figures/9l.png, id=1271, 2409.0pt x 1204.5pt>
File: figures/9l.png Graphic file (type png)
<use figures/9l.png>
Package pdftex.def Info: figures/9l.png  used on input line 61.
(pdftex.def)             Requested size: 398.0pt x 198.99123pt.

LaTeX Warning: `!h' float specifier changed to `!ht'.

<figures/10l.png, id=1272, 2409.0pt x 1204.5pt>
File: figures/10l.png Graphic file (type png)
<use figures/10l.png>
Package pdftex.def Info: figures/10l.png  used on input line 68.
(pdftex.def)             Requested size: 398.0pt x 198.99123pt.

LaTeX Warning: `!h' float specifier changed to `!ht'.

<figures/11l.png, id=1273, 2409.0pt x 1204.5pt>
File: figures/11l.png Graphic file (type png)
<use figures/11l.png>
Package pdftex.def Info: figures/11l.png  used on input line 75.
(pdftex.def)             Requested size: 398.0pt x 198.99123pt.

LaTeX Warning: `!h' float specifier changed to `!ht'.

<figures/12l.png, id=1274, 2409.0pt x 1204.5pt>
File: figures/12l.png Graphic file (type png)
<use figures/12l.png>
Package pdftex.def Info: figures/12l.png  used on input line 83.
(pdftex.def)             Requested size: 398.0pt x 198.99123pt.

LaTeX Warning: `!h' float specifier changed to `!ht'.

<figures/13l.png, id=1275, 2409.0pt x 1204.5pt>
File: figures/13l.png Graphic file (type png)
<use figures/13l.png>
Package pdftex.def Info: figures/13l.png  used on input line 91.
(pdftex.def)             Requested size: 398.0pt x 198.99123pt.

LaTeX Warning: `!h' float specifier changed to `!ht'.

<figures/14l.png, id=1276, 2409.0pt x 1204.5pt>
File: figures/14l.png Graphic file (type png)
<use figures/14l.png>
Package pdftex.def Info: figures/14l.png  used on input line 98.
(pdftex.def)             Requested size: 398.0pt x 198.99123pt.

LaTeX Warning: `!h' float specifier changed to `!ht'.

<figures/15l.png, id=1277, 2409.0pt x 1204.5pt>
File: figures/15l.png Graphic file (type png)
<use figures/15l.png>
Package pdftex.def Info: figures/15l.png  used on input line 107.
(pdftex.def)             Requested size: 398.0pt x 198.99123pt.

LaTeX Warning: `!h' float specifier changed to `!ht'.

<figures/16l.png, id=1278, 2409.0pt x 1204.5pt>
File: figures/16l.png Graphic file (type png)
<use figures/16l.png>
Package pdftex.def Info: figures/16l.png  used on input line 115.
(pdftex.def)             Requested size: 398.0pt x 198.99123pt.

LaTeX Warning: `!h' float specifier changed to `!ht'.

) [71 <./figures/1l.png (PNG copy)>] [72 <./figures/2l.png (PNG copy)> <./figur
es/3l.png (PNG copy)>] [73 <./figures/4l.png (PNG copy)> <./figures/5l.png (PNG
 copy)>] [74 <./figures/6l.png (PNG copy)> <./figures/7l.png (PNG copy)>]
[75 <./figures/8l.png (PNG copy)> <./figures/9l.png (PNG copy)>] [76 <./figures
/10l.png (PNG copy)> <./figures/11l.png (PNG copy)>] [77 <./figures/12l.png (PN
G copy)> <./figures/13l.png (PNG copy)>] [78 <./figures/14l.png (PNG copy)> <./
figures/15l.png (PNG copy)>] [79 <./figures/16l.png (PNG copy)>]
\openout2 = `app-D.aux'.

 (app-D.tex
[80



]
<figures/1path_N50_TMPC C0.1_Tf40.PNG, id=1332, 1208.26407pt x 696.35156pt>
File: figures/1path_N50_TMPC C0.1_Tf40.PNG Graphic file (type png)
<use figures/1path_N50_TMPC C0.1_Tf40.PNG>
Package pdftex.def Info: figures/1path_N50_TMPC C0.1_Tf40.PNG  used on input li
ne 8.
(pdftex.def)             Requested size: 457.69757pt x 263.77693pt.

Overfull \hbox (59.69757pt too wide) in paragraph at lines 8--9
 [][] 
 []

File: figures/2xy_N50_TMPC 0.1_Tf40.PNG Graphic file (type png)
<use figures/2xy_N50_TMPC 0.1_Tf40.PNG>
Package pdftex.def Info: figures/2xy_N50_TMPC 0.1_Tf40.PNG  used on input line 
13.
(pdftex.def)             Requested size: 457.69757pt x 251.89044pt.

Overfull \hbox (59.69757pt too wide) in paragraph at lines 13--14
 [][] 
 []


LaTeX Warning: `!h' float specifier changed to `!ht'.

<figures/3vxy_N50_TMPC 0.1_Tf40.PNG, id=1333, 1151.80313pt x 629.35126pt>
File: figures/3vxy_N50_TMPC 0.1_Tf40.PNG Graphic file (type png)
<use figures/3vxy_N50_TMPC 0.1_Tf40.PNG>
Package pdftex.def Info: figures/3vxy_N50_TMPC 0.1_Tf40.PNG  used on input line
 18.
(pdftex.def)             Requested size: 457.69757pt x 250.0843pt.

Overfull \hbox (59.69757pt too wide) in paragraph at lines 18--19
 [][] 
 []


LaTeX Warning: `!h' float specifier changed to `!ht'.

<figures/6atot_N50_TMPC 0.1_Tf40.PNG, id=1334, 1170.62344pt x 621.07031pt>
File: figures/6atot_N50_TMPC 0.1_Tf40.PNG Graphic file (type png)
<use figures/6atot_N50_TMPC 0.1_Tf40.PNG>
Package pdftex.def Info: figures/6atot_N50_TMPC 0.1_Tf40.PNG  used on input lin
e 24.
(pdftex.def)             Requested size: 457.69757pt x 242.83243pt.

Overfull \hbox (59.69757pt too wide) in paragraph at lines 24--25
 [][] 
 []


LaTeX Warning: `!h' float specifier changed to `!ht'.

<figures/5ax_N50_TMPC 0.1_Tf40.PNG, id=1335, 1229.34282pt x 634.62094pt>
File: figures/5ax_N50_TMPC 0.1_Tf40.PNG Graphic file (type png)
<use figures/5ax_N50_TMPC 0.1_Tf40.PNG>
Package pdftex.def Info: figures/5ax_N50_TMPC 0.1_Tf40.PNG  used on input line 
30.
(pdftex.def)             Requested size: 457.69757pt x 236.27795pt.

Overfull \hbox (59.69757pt too wide) in paragraph at lines 30--31
 [][] 
 []


LaTeX Warning: `!h' float specifier changed to `!ht'.

<figures/4ay_N50_TMPC 0.1_Tf40.PNG, id=1336, 1166.85938pt x 622.57594pt>
File: figures/4ay_N50_TMPC 0.1_Tf40.PNG Graphic file (type png)
<use figures/4ay_N50_TMPC 0.1_Tf40.PNG>
Package pdftex.def Info: figures/4ay_N50_TMPC 0.1_Tf40.PNG  used on input line 
35.
(pdftex.def)             Requested size: 457.69757pt x 244.20009pt.

Overfull \hbox (59.69757pt too wide) in paragraph at lines 35--36
 [][] 
 []


LaTeX Warning: `!h' float specifier changed to `!ht'.

<figures/7psi_N50_TMPC 0.1_Tf40.PNG, id=1337, 1172.88188pt x 619.56468pt>
File: figures/7psi_N50_TMPC 0.1_Tf40.PNG Graphic file (type png)
<use figures/7psi_N50_TMPC 0.1_Tf40.PNG>
Package pdftex.def Info: figures/7psi_N50_TMPC 0.1_Tf40.PNG  used on input line
 40.
(pdftex.def)             Requested size: 457.69757pt x 241.77106pt.

Overfull \hbox (59.69757pt too wide) in paragraph at lines 40--41
 [][] 
 []


LaTeX Warning: `!h' float specifier changed to `!ht'.

<figures/8tr&delta_N50_TMPC 0.1_Tf40.PNG, id=1338, 1122.44344pt x 637.63219pt>
File: figures/8tr&delta_N50_TMPC 0.1_Tf40.PNG Graphic file (type png)
<use figures/8tr&delta_N50_TMPC 0.1_Tf40.PNG>
Package pdftex.def Info: figures/8tr&delta_N50_TMPC 0.1_Tf40.PNG  used on input
 line 45.
(pdftex.def)             Requested size: 457.69757pt x 260.00066pt.

Overfull \hbox (59.69757pt too wide) in paragraph at lines 45--46
 [][] 
 []


LaTeX Warning: `!h' float specifier changed to `!ht'.

<figures/9jerks_N50_TMPC 0.1_Tf40.PNG, id=1339, 1199.23032pt x 619.56468pt>
File: figures/9jerks_N50_TMPC 0.1_Tf40.PNG Graphic file (type png)
<use figures/9jerks_N50_TMPC 0.1_Tf40.PNG>
Package pdftex.def Info: figures/9jerks_N50_TMPC 0.1_Tf40.PNG  used on input li
ne 50.
(pdftex.def)             Requested size: 457.69757pt x 236.45802pt.

Overfull \hbox (59.69757pt too wide) in paragraph at lines 50--51
 [][] 
 []


LaTeX Warning: `!h' float specifier changed to `!ht'.

<figures/14tr_dot&delta_dot_N50_TMPC 0.1_Tf40.PNG, id=1340, 1125.45468pt x 660.
96938pt>
File: figures/14tr_dot&delta_dot_N50_TMPC 0.1_Tf40.PNG Graphic file (type png)
<use figures/14tr_dot&delta_dot_N50_TMPC 0.1_Tf40.PNG>
Package pdftex.def Info: figures/14tr_dot&delta_dot_N50_TMPC 0.1_Tf40.PNG  used
 on input line 55.
(pdftex.def)             Requested size: 457.69757pt x 268.80054pt.

Overfull \hbox (59.69757pt too wide) in paragraph at lines 55--56
 [][] 
 []


LaTeX Warning: `!h' float specifier changed to `!ht'.

) [81 <./figures/1path_N50_TMPC C0.1_Tf40.PNG>] [82 <./figures/3vxy_N50_TMPC 0.
1_Tf40.PNG>] [83 <./figures/6atot_N50_TMPC 0.1_Tf40.PNG> <./figures/5ax_N50_TMP
C 0.1_Tf40.PNG>] [84 <./figures/4ay_N50_TMPC 0.1_Tf40.PNG> <./figures/7psi_N50_
TMPC 0.1_Tf40.PNG>] [85 <./figures/8tr&delta_N50_TMPC 0.1_Tf40.PNG> <./figures/
9jerks_N50_TMPC 0.1_Tf40.PNG>] [86 <./figures/14tr_dot&delta_dot_N50_TMPC 0.1_T
f40.PNG>]
\openout2 = `app-E.aux'.

 (app-E.tex
File: figures/2path_N1000IT28.PNG Graphic file (type png)
<use figures/2path_N1000IT28.PNG>
Package pdftex.def Info: figures/2path_N1000IT28.PNG  used on input line 10.
(pdftex.def)             Requested size: 457.69757pt x 255.78624pt.

Overfull \hbox (59.69757pt too wide) in paragraph at lines 10--11
 [][] 
 []


LaTeX Warning: `!h' float specifier changed to `!ht'.

<figures/1X_Y_N1000IT28.PNG, id=1384, 1224.07312pt x 629.35126pt>
File: figures/1X_Y_N1000IT28.PNG Graphic file (type png)
<use figures/1X_Y_N1000IT28.PNG>
Package pdftex.def Info: figures/1X_Y_N1000IT28.PNG  used on input line 15.
(pdftex.def)             Requested size: 457.69757pt x 235.32431pt.

Overfull \hbox (59.69757pt too wide) in paragraph at lines 15--16
 [][] 
 []


LaTeX Warning: `!h' float specifier changed to `!ht'.

<figures/3VX_VY_N1000IT28.PNG, id=1385, 1146.53343pt x 639.89063pt>
File: figures/3VX_VY_N1000IT28.PNG Graphic file (type png)
<use figures/3VX_VY_N1000IT28.PNG>
Package pdftex.def Info: figures/3VX_VY_N1000IT28.PNG  used on input line 21.
(pdftex.def)             Requested size: 457.69757pt x 255.44398pt.

Overfull \hbox (59.69757pt too wide) in paragraph at lines 21--22
 [][] 
 []


LaTeX Warning: `!h' float specifier changed to `!ht'.

<figures/4AX_AY_N1000IT28.PNG, id=1386, 1196.21906pt x 661.72218pt>
File: figures/4AX_AY_N1000IT28.PNG Graphic file (type png)
<use figures/4AX_AY_N1000IT28.PNG>
Package pdftex.def Info: figures/4AX_AY_N1000IT28.PNG  used on input line 27.
(pdftex.def)             Requested size: 457.69757pt x 253.19373pt.

Overfull \hbox (59.69757pt too wide) in paragraph at lines 27--28
 [][] 
 []


LaTeX Warning: `!h' float specifier changed to `!ht'.

<figures/5AtX_AnX_N1000IT28.PNG, id=1387, 1206.00563pt x 666.23906pt>
File: figures/5AtX_AnX_N1000IT28.PNG Graphic file (type png)
<use figures/5AtX_AnX_N1000IT28.PNG>
Package pdftex.def Info: figures/5AtX_AnX_N1000IT28.PNG  used on input line 33.

(pdftex.def)             Requested size: 457.69757pt x 252.84816pt.

Overfull \hbox (59.69757pt too wide) in paragraph at lines 33--34
 [][] 
 []


LaTeX Warning: `!h' float specifier changed to `!ht'.

<figures/6AtY_AnY_N1000IT28.PNG, id=1388, 1191.7022pt x 639.89063pt>
File: figures/6AtY_AnY_N1000IT28.PNG Graphic file (type png)
<use figures/6AtY_AnY_N1000IT28.PNG>
Package pdftex.def Info: figures/6AtY_AnY_N1000IT28.PNG  used on input line 38.

(pdftex.def)             Requested size: 457.69757pt x 245.75816pt.

Overfull \hbox (59.69757pt too wide) in paragraph at lines 38--39
 [][] 
 []


LaTeX Warning: `!h' float specifier changed to `!ht'.

File: figures/7JX_JY_N1000IT28.PNG Graphic file (type png)
<use figures/7JX_JY_N1000IT28.PNG>
Package pdftex.def Info: figures/7JX_JY_N1000IT28.PNG  used on input line 43.
(pdftex.def)             Requested size: 457.69757pt x 239.08078pt.

Overfull \hbox (59.69757pt too wide) in paragraph at lines 43--44
 [][] 
 []


LaTeX Warning: `!h' float specifier changed to `!ht'.

<figures/8yaws_N1000IT28.PNG, id=1389, 1216.545pt x 658.71094pt>
File: figures/8yaws_N1000IT28.PNG Graphic file (type png)
<use figures/8yaws_N1000IT28.PNG>
Package pdftex.def Info: figures/8yaws_N1000IT28.PNG  used on input line 48.
(pdftex.def)             Requested size: 457.69757pt x 247.82007pt.

Overfull \hbox (59.69757pt too wide) in paragraph at lines 48--49
 [][] 
 []


LaTeX Warning: `!h' float specifier changed to `!ht'.

<figures/9yawacc_N1000IT28.PNG, id=1390, 1199.98312pt x 650.43pt>
File: figures/9yawacc_N1000IT28.PNG Graphic file (type png)
<use figures/9yawacc_N1000IT28.PNG>
Package pdftex.def Info: figures/9yawacc_N1000IT28.PNG  used on input line 53.
(pdftex.def)             Requested size: 457.69757pt x 248.08896pt.

Overfull \hbox (59.69757pt too wide) in paragraph at lines 53--54
 [][] 
 []


LaTeX Warning: `!h' float specifier changed to `!ht'.

<figures/10trdelta_N1000IT28.PNG, id=1391, 1187.18532pt x 642.14906pt>
File: figures/10trdelta_N1000IT28.PNG Graphic file (type png)
<use figures/10trdelta_N1000IT28.PNG>
Package pdftex.def Info: figures/10trdelta_N1000IT28.PNG  used on input line 58
.
(pdftex.def)             Requested size: 457.69757pt x 247.5662pt.

Overfull \hbox (59.69757pt too wide) in paragraph at lines 58--59
 [][] 
 []


LaTeX Warning: `!h' float specifier changed to `!ht'.

<figures/11trdelta_dot_N1000IT28.PNG, id=1392, 1180.41pt x 651.18282pt>
File: figures/11trdelta_dot_N1000IT28.PNG Graphic file (type png)
<use figures/11trdelta_dot_N1000IT28.PNG>
Package pdftex.def Info: figures/11trdelta_dot_N1000IT28.PNG  used on input lin
e 65.
(pdftex.def)             Requested size: 457.69757pt x 252.48972pt.

Overfull \hbox (59.69757pt too wide) in paragraph at lines 65--66
 [][] 
 []


LaTeX Warning: `!h' float specifier changed to `!ht'.

File: figures/12frel.PNG Graphic file (type png)
<use figures/12frel.PNG>
Package pdftex.def Info: figures/12frel.PNG  used on input line 72.
(pdftex.def)             Requested size: 457.69757pt x 255.8157pt.

Overfull \hbox (59.69757pt too wide) in paragraph at lines 72--73
 [][] 
 []


LaTeX Warning: `!h' float specifier changed to `!ht'.

<figures/13gradcurr.PNG, id=1393, 1100.61188pt x 656.4525pt>
File: figures/13gradcurr.PNG Graphic file (type png)
<use figures/13gradcurr.PNG>
Package pdftex.def Info: figures/13gradcurr.PNG  used on input line 79.
(pdftex.def)             Requested size: 457.69757pt x 272.99365pt.

Overfull \hbox (59.69757pt too wide) in paragraph at lines 79--80
 [][] 
 []


LaTeX Warning: `!h' float specifier changed to `!ht'.

<figures/14weights.PNG, id=1394, 1127.71312pt x 620.3175pt>
File: figures/14weights.PNG Graphic file (type png)
<use figures/14weights.PNG>
Package pdftex.def Info: figures/14weights.PNG  used on input line 86.
(pdftex.def)             Requested size: 457.69757pt x 251.76674pt.

Overfull \hbox (59.69757pt too wide) in paragraph at lines 86--87
 [][] 
 []


LaTeX Warning: `!h' float specifier changed to `!ht'.

<figures/15updateweights.PNG, id=1395, 1136.74687pt x 627.84563pt>
File: figures/15updateweights.PNG Graphic file (type png)
<use figures/15updateweights.PNG>
Package pdftex.def Info: figures/15updateweights.PNG  used on input line 93.
(pdftex.def)             Requested size: 457.69757pt x 252.79115pt.

Overfull \hbox (59.69757pt too wide) in paragraph at lines 93--94
 [][] 
 []


LaTeX Warning: `!h' float specifier changed to `!ht'.

<figures/16multigrad.PNG, id=1396, 1165.35374pt x 621.82312pt>
File: figures/16multigrad.PNG Graphic file (type png)
<use figures/16multigrad.PNG>
Package pdftex.def Info: figures/16multigrad.PNG  used on input line 100.
(pdftex.def)             Requested size: 457.69757pt x 244.21793pt.

Overfull \hbox (59.69757pt too wide) in paragraph at lines 100--101
 [][] 
 []


LaTeX Warning: `!h' float specifier changed to `!ht'.

) [87



] [88 <./figures/1X_Y_N1000IT28.PNG>] [89 <./figures/3VX_VY_N1000IT28.PNG> <./f
igures/4AX_AY_N1000IT28.PNG>] [90 <./figures/5AtX_AnX_N1000IT28.PNG> <./figures
/6AtY_AnY_N1000IT28.PNG>] [91 <./figures/8yaws_N1000IT28.PNG>] [92 <./figures/9
yawacc_N1000IT28.PNG> <./figures/10trdelta_N1000IT28.PNG>] [93 <./figures/11trd
elta_dot_N1000IT28.PNG>] [94 <./figures/13gradcurr.PNG> <./figures/14weights.PN
G>] [95 <./figures/15updateweights.PNG> <./figures/16multigrad.PNG>]
[96


] (masterproef.bbl
bibitemlist
[97

])

Class memoir Warning: The material used in the headers is too large
(27.2pt) for the given head height (13.6pt), it is recommended to
either increase the head height or redesign the header
(in both cases you will find help in the memoir manual). on input line 145.

[98]
\tf@toc=\write5
\openout5 = `masterproef.toc'.

\tf@lof=\write6
\openout6 = `masterproef.lof'.

\tf@lot=\write7
\openout7 = `masterproef.lot'.

Package atveryend Info: Empty hook `BeforeClearDocument' on input line 145.
Package atveryend Info: Empty hook `AfterLastShipout' on input line 145.
 (masterproef.aux (intro.aux) (chap-1.aux) (chap-2.aux) (chap-3.aux)
(chap-4.aux) (conclusion.aux) (app-A.aux) (app-B.aux) (app-C.aux) (app-D.aux)
(app-E.aux))
Package atveryend Info: Executing hook `AtVeryEndDocument' on input line 145.
Package atveryend Info: Executing hook `AtEndAfterFileList' on input line 145.
Package rerunfilecheck Info: File `masterproef.out' has not changed.
(rerunfilecheck)             Checksum: 2D874B7A0C7A38DB1E04C863F32401AE;2007.


LaTeX Warning: There were undefined references.


LaTeX Warning: There were multiply-defined labels.

Package atveryend Info: Empty hook `AtVeryVeryEnd' on input line 145.
 ) 
Here is how much of TeX's memory you used:
 17225 strings out of 481518
 278281 string characters out of 2911616
 905229 words of memory out of 3000000
 31456 multiletter control sequences out of 15000+200000
 639987 words of font info for 189 fonts, out of 3000000 for 9000
 1141 hyphenation exceptions out of 8191
 43i,12n,50p,2097b,590s stack positions out of 5000i,500n,10000p,200000b,50000s
{C:/Users/t2vosx/AppData/Local/Programs/MiKTeX 2.9/fonts/enc/dvips/lm/lm-rm.e
nc}{C:/Users/t2vosx/AppData/Local/Programs/MiKTeX 2.9/fonts/enc/dvips/lm/lm-mat
hit.enc}{C:/Users/t2vosx/AppData/Local/Programs/MiKTeX 2.9/fonts/enc/dvips/lm/l
m-mathsy.enc}{C:/Users/t2vosx/AppData/Local/Programs/MiKTeX 2.9/fonts/enc/dvips
/lm/lm-ec.enc}{C:/Users/t2vosx/AppData/Local/Programs/MiKTeX 2.9/fonts/enc/dvip
s/lm/lm-mathex.enc}{C:/Users/t2vosx/AppData/Local/Programs/MiKTeX 2.9/fonts/enc
/dvips/lm/lm-ts1.enc}{C:/Users/t2vosx/AppData/Local/Programs/MiKTeX 2.9/fonts/e
nc/dvips/base/8r.enc}<C:/Users/t2vosx/AppData/Local/Programs/MiKTeX 2.9/fonts/t
ype1/public/lm/lmbx10.pfb><C:/Users/t2vosx/AppData/Local/Programs/MiKTeX 2.9/fo
nts/type1/public/lm/lmbx12.pfb><C:/Users/t2vosx/AppData/Local/Programs/MiKTeX 2
.9/fonts/type1/public/lm/lmcsc10.pfb><C:/Users/t2vosx/AppData/Local/Programs/Mi
KTeX 2.9/fonts/type1/public/lm/lmex10.pfb><C:/Users/t2vosx/AppData/Local/Progra
ms/MiKTeX 2.9/fonts/type1/public/lm/lmmi10.pfb><C:/Users/t2vosx/AppData/Local/P
rograms/MiKTeX 2.9/fonts/type1/public/lm/lmmi5.pfb><C:/Users/t2vosx/AppData/Loc
al/Programs/MiKTeX 2.9/fonts/type1/public/lm/lmmi6.pfb><C:/Users/t2vosx/AppData
/Local/Programs/MiKTeX 2.9/fonts/type1/public/lm/lmmi8.pfb><C:/Users/t2vosx/App
Data/Local/Programs/MiKTeX 2.9/fonts/type1/public/lm/lmmi9.pfb><C:/Users/t2vosx
/AppData/Local/Programs/MiKTeX 2.9/fonts/type1/public/lm/lmmib10.pfb><C:/Users/
t2vosx/AppData/Local/Programs/MiKTeX 2.9/fonts/type1/public/lm/lmr10.pfb><C:/Us
ers/t2vosx/AppData/Local/Programs/MiKTeX 2.9/fonts/type1/public/lm/lmr6.pfb><C:
/Users/t2vosx/AppData/Local/Programs/MiKTeX 2.9/fonts/type1/public/lm/lmr8.pfb>
<C:/Users/t2vosx/AppData/Local/Programs/MiKTeX 2.9/fonts/type1/public/lm/lmr9.p
fb><C:/Users/t2vosx/AppData/Local/Programs/MiKTeX 2.9/fonts/type1/public/lm/lmr
i10.pfb><C:/Users/t2vosx/AppData/Local/Programs/MiKTeX 2.9/fonts/type1/public/l
m/lmsy10.pfb><C:/Users/t2vosx/AppData/Local/Programs/MiKTeX 2.9/fonts/type1/pub
lic/lm/lmsy6.pfb><C:/Users/t2vosx/AppData/Local/Programs/MiKTeX 2.9/fonts/type1
/public/lm/lmsy8.pfb><C:/Users/t2vosx/AppData/Local/Programs/MiKTeX 2.9/fonts/t
ype1/public/lm/lmtt10.pfb><C:/Users/t2vosx/AppData/Local/Programs/MiKTeX 2.9/fo
nts/type1/public/amsfonts/symbols/msbm10.pfb><C:/Users/t2vosx/AppData/Local/Pro
grams/MiKTeX 2.9/fonts/type1/urw/helvetic/uhvb8a.pfb><C:/Users/t2vosx/AppData/L
ocal/Programs/MiKTeX 2.9/fonts/type1/urw/helvetic/uhvr8a.pfb>
Output written on masterproef.pdf (110 pages, 7557733 bytes).
PDF statistics:
 1616 PDF objects out of 1728 (max. 8388607)
 359 named destinations out of 1000 (max. 500000)
 27832 words of extra memory for PDF output out of 29859 (max. 10000000)

